<?xml version="1.0" encoding="UTF-8"?>
<testsuite xmlns:xsi="http://www.w3.org/2001/XMLSchema-instance" xsi:noNamespaceSchemaLocation="https://maven.apache.org/surefire/maven-surefire-plugin/xsd/surefire-test-report-3.0.xsd" version="3.0" name="io.cucumber.junit.platform.engine.CucumberTestEngine" time="8.323" tests="13" errors="0" skipped="0" failures="4">
  <properties>
[...]
</properties>
  <testcase name="Random Data - Positive sum" classname="Random Data" time="0.407">
    <system-out><![CDATA[
@Regression @Smoke
Scenario: Positive sum                         &amp#27;[90m# src/test/resources/features/RandomData.feature:8&amp#27;[0m
  &amp#27;[32mGiven &amp#27;[0m&amp#27;[32mI have two random int positive numbers&amp#27;[0m &amp#27;[90m# steps.RandomDataStepDefinitions.generateTwoRandomIntPositiveNumbers()&amp#27;[0m
  &amp#27;[32mWhen &amp#27;[0m&amp#27;[32mI add the numbers&amp#27;[0m                       &amp#27;[90m# steps.RandomDataStepDefinitions.addNumbers()&amp#27;[0m
  &amp#27;[32mThen &amp#27;[0m&amp#27;[32mI verify that the sum is positive&amp#27;[0m       &amp#27;[90m# steps.RandomDataStepDefinitions.verifyThatTheSumIsPositive()&amp#27;[0m
]]></system-out>
    <system-err><![CDATA[abr. 26, 2024 9:29:40 A. M. io.cucumber.junit.platform.engine.DiscoverySelectorResolver warnWhenCucumberFeaturesPropertyIsUsed
WARNING: Discovering tests using the cucumber.features property. Other discovery selectors are ignored!

This is a work around for the limited JUnit 5 support in Maven and Gradle. Please request/upvote/sponsor/ect better support for JUnit 5 discovery selectors. For details see: https://github.com/cucumber/cucumber-jvm/pull/2498

If you are using the JUnit 5 Suite Engine, Platform Launcher API or Console Launcher you should not use this property. Please consult the JUnit 5 documentation on test selection.
]]></system-err>
  </testcase>
  <testcase name="Random Data - Positive product" classname="Random Data" time="0.047">
    <system-out><![CDATA[
@Regression
Scenario: Positive product                     &amp#27;[90m# src/test/resources/features/RandomData.feature:13&amp#27;[0m
  &amp#27;[32mGiven &amp#27;[0m&amp#27;[32mI have two random int positive numbers&amp#27;[0m &amp#27;[90m# steps.RandomDataStepDefinitions.generateTwoRandomIntPositiveNumbers()&amp#27;[0m
  &amp#27;[32mWhen &amp#27;[0m&amp#27;[32mI multiply the numbers&amp#27;[0m                  &amp#27;[90m# steps.RandomDataStepDefinitions.multiplyNumbers()&amp#27;[0m
  &amp#27;[32mThen &amp#27;[0m&amp#27;[32mI verify that the product is positive&amp#27;[0m   &amp#27;[90m# steps.RandomDataStepDefinitions.verifyThatTheProductIsPositive()&amp#27;[0m
]]></system-out>
  </testcase>
  <testcase name="Random Data - Positive square root" classname="Random Data" time="0.05">
    <system-out><![CDATA[
@Regression
Scenario: Positive square root                     &amp#27;[90m# src/test/resources/features/RandomData.feature:18&amp#27;[0m
  &amp#27;[32mGiven &amp#27;[0m&amp#27;[32mI have two random int positive numbers&amp#27;[0m     &amp#27;[90m# steps.RandomDataStepDefinitions.generateTwoRandomIntPositiveNumbers()&amp#27;[0m
  &amp#27;[32mWhen &amp#27;[0m&amp#27;[32mI get the square root of the numbers&amp#27;[0m        &amp#27;[90m# steps.RandomDataStepDefinitions.getSquareRootOfNumbers()&amp#27;[0m
  &amp#27;[32mThen &amp#27;[0m&amp#27;[32mI verify that the square roots are positive&amp#27;[0m &amp#27;[90m# steps.RandomDataStepDefinitions.verifyThatTheSquareRootsArePositive()&amp#27;[0m
]]></system-out>
  </testcase>
  <testcase name="Read Excel - Verify the third element" classname="Read Excel" time="1.796">
    <system-out><![CDATA[
@Regression @Smoke
Scenario: Verify the third element                             &amp#27;[90m# src/test/resources/features/ReadExcel.feature:8&amp#27;[0m
  &amp#27;[32mGiven &amp#27;[0m&amp#27;[32mI read the Excel products list&amp#27;[0m                         &amp#27;[90m# steps.ReadExcelStepDefinitions.readExcelProductsList()&amp#27;[0m
  &amp#27;[32mWhen &amp#27;[0m&amp#27;[32mI get the element with index &amp#27;[0m&amp#27;[32m&amp#27;[1m2&amp#27;[0m                          &amp#27;[90m# steps.ReadExcelStepDefinitions.getThirdElement(int)&amp#27;[0m
  &amp#27;[32mThen &amp#27;[0m&amp#27;[32mI verify that its name is &amp#27;[0m&amp#27;[32m&amp#27;[1m"HUEVO"&amp#27;[0m&amp#27;[32m and its price is &amp#27;[0m&amp#27;[32m&amp#27;[1m43.9&amp#27;[0m &amp#27;[90m# steps.ReadExcelStepDefinitions.verifyThatItsNameIsAndItsPriceIs(java.lang.String,double)&amp#27;[0m
]]></system-out>
  </testcase>
  <testcase name="Read Excel - Verify the last element" classname="Read Excel" time="0.365">
    <system-out><![CDATA[
@Regression @Smoke
Scenario: Verify the last element                               &amp#27;[90m# src/test/resources/features/ReadExcel.feature:14&amp#27;[0m
  &amp#27;[32mGiven &amp#27;[0m&amp#27;[32mI read the Excel products list&amp#27;[0m                          &amp#27;[90m# steps.ReadExcelStepDefinitions.readExcelProductsList()&amp#27;[0m
  &amp#27;[32mWhen &amp#27;[0m&amp#27;[32mI get the last element&amp#27;[0m                                   &amp#27;[90m# steps.ReadExcelStepDefinitions.getLastElement()&amp#27;[0m
  &amp#27;[32mThen &amp#27;[0m&amp#27;[32mI verify that its price is &amp#27;[0m&amp#27;[32m&amp#27;[1m6.56&amp#27;[0m&amp#27;[32m and it is NOT perishable&amp#27;[0m &amp#27;[90m# steps.ReadExcelStepDefinitions.verifyThatItsPriceIsAndItIsNotPerishable(double)&amp#27;[0m
]]></system-out>
  </testcase>
  <testcase name="Read Excel - Verify the list size" classname="Read Excel" time="0.348">
    <system-out><![CDATA[
@Regression
Scenario: Verify the list size           &amp#27;[90m# src/test/resources/features/ReadExcel.feature:19&amp#27;[0m
  &amp#27;[32mGiven &amp#27;[0m&amp#27;[32mI read the Excel products list&amp#27;[0m   &amp#27;[90m# steps.ReadExcelStepDefinitions.readExcelProductsList()&amp#27;[0m
  &amp#27;[32mWhen &amp#27;[0m&amp#27;[32mI get the list size&amp#27;[0m               &amp#27;[90m# steps.ReadExcelStepDefinitions.getListSize()&amp#27;[0m
  &amp#27;[32mThen &amp#27;[0m&amp#27;[32mI verify that the list size is &amp#27;[0m&amp#27;[32m&amp#27;[1m22&amp#27;[0m &amp#27;[90m# steps.ReadExcelStepDefinitions.verifyThatTheListSizeIs(int)&amp#27;[0m
]]></system-out>
  </testcase>
  <testcase name="Read Excel - Verify several elements of the list - Examples - Example #1.1" classname="Read Excel - Verify several elements of the list - Examples" time="0.338">
    <failure message="Multiple Failures (2 failures)&#10;	org.opentest4j.AssertionFailedError: expected: &lt;36.06&gt; but was: &lt;58.39&gt;&#10;	org.opentest4j.AssertionFailedError: expected: &lt;73.0&gt; but was: &lt;9.0&gt;" type="org.opentest4j.MultipleFailuresError"><![CDATA[org.opentest4j.MultipleFailuresError: 
Multiple Failures (2 failures)
	org.opentest4j.AssertionFailedError: expected: <36.06> but was: <58.39>
	org.opentest4j.AssertionFailedError: expected: <73.0> but was: <9.0>
	at steps.ReadExcelStepDefinitions.verifyProductInformation(ReadExcelStepDefinitions.java:61)
	at ✽.I verify that it has "SALMON", 58.39, 9(file:///C:/Users/SuperUs/Documents/Java.Projects/project-bdd-template/src/test/resources/features/ReadExcel.feature:26)
	Suppressed: org.opentest4j.AssertionFailedError: expected: <36.06> but was: <58.39>
		at steps.ReadExcelStepDefinitions.lambda$verifyProductInformation$5(ReadExcelStepDefinitions.java:63)
		at java.base/java.util.stream.ReferencePipeline$3$1.accept(ReferencePipeline.java:197)
		at java.base/java.util.Spliterators$ArraySpliterator.forEachRemaining(Spliterators.java:992)
		at java.base/java.util.stream.AbstractPipeline.copyInto(AbstractPipeline.java:509)
		at java.base/java.util.stream.AbstractPipeline.wrapAndCopyInto(AbstractPipeline.java:499)
		at java.base/java.util.stream.ReduceOps$ReduceOp.evaluateSequential(ReduceOps.java:921)
		at java.base/java.util.stream.AbstractPipeline.evaluate(AbstractPipeline.java:234)
		at java.base/java.util.stream.ReferencePipeline.collect(ReferencePipeline.java:682)
		at steps.ReadExcelStepDefinitions.verifyProductInformation(ReadExcelStepDefinitions.java:61)
		at java.base/java.lang.reflect.Method.invoke(Method.java:577)
		at io.cucumber.java.Invoker.doInvoke(Invoker.java:66)
		at io.cucumber.java.Invoker.invoke(Invoker.java:24)
		at io.cucumber.java.AbstractGlueDefinition.invokeMethod(AbstractGlueDefinition.java:47)
		at io.cucumber.java.JavaStepDefinition.execute(JavaStepDefinition.java:29)
		at io.cucumber.core.runner.CoreStepDefinition.execute(CoreStepDefinition.java:66)
		at io.cucumber.core.runner.PickleStepDefinitionMatch.runStep(PickleStepDefinitionMatch.java:63)
		at io.cucumber.core.runner.ExecutionMode$1.execute(ExecutionMode.java:10)
		at io.cucumber.core.runner.TestStep.executeStep(TestStep.java:81)
		at io.cucumber.core.runner.TestStep.run(TestStep.java:53)
		at io.cucumber.core.runner.PickleStepTestStep.run(PickleStepTestStep.java:51)
		at io.cucumber.core.runner.TestCase.run(TestCase.java:84)
		at io.cucumber.core.runner.Runner.runPickle(Runner.java:75)
		at io.cucumber.junit.platform.engine.CucumberEngineExecutionContext.lambda$runTestCase$4(CucumberEngineExecutionContext.java:112)
		at io.cucumber.core.runtime.CucumberExecutionContext.lambda$runTestCase$5(CucumberExecutionContext.java:136)
		at io.cucumber.core.runtime.RethrowingThrowableCollector.executeAndThrow(RethrowingThrowableCollector.java:23)
		at io.cucumber.core.runtime.CucumberExecutionContext.runTestCase(CucumberExecutionContext.java:136)
		at io.cucumber.junit.platform.engine.CucumberEngineExecutionContext.runTestCase(CucumberEngineExecutionContext.java:109)
		at io.cucumber.junit.platform.engine.NodeDescriptor$PickleDescriptor.execute(NodeDescriptor.java:168)
		at io.cucumber.junit.platform.engine.NodeDescriptor$PickleDescriptor.execute(NodeDescriptor.java:90)
		at java.base/java.util.ArrayList.forEach(ArrayList.java:1511)
		at java.base/java.util.ArrayList.forEach(ArrayList.java:1511)
		at java.base/java.util.ArrayList.forEach(ArrayList.java:1511)
		at java.base/java.util.ArrayList.forEach(ArrayList.java:1511)
	Suppressed: org.opentest4j.AssertionFailedError: expected: <73.0> but was: <9.0>
		at steps.ReadExcelStepDefinitions.lambda$verifyProductInformation$6(ReadExcelStepDefinitions.java:64)
		at java.base/java.util.stream.ReferencePipeline$3$1.accept(ReferencePipeline.java:197)
		at java.base/java.util.Spliterators$ArraySpliterator.forEachRemaining(Spliterators.java:992)
		at java.base/java.util.stream.AbstractPipeline.copyInto(AbstractPipeline.java:509)
		at java.base/java.util.stream.AbstractPipeline.wrapAndCopyInto(AbstractPipeline.java:499)
		at java.base/java.util.stream.ReduceOps$ReduceOp.evaluateSequential(ReduceOps.java:921)
		at java.base/java.util.stream.AbstractPipeline.evaluate(AbstractPipeline.java:234)
		at java.base/java.util.stream.ReferencePipeline.collect(ReferencePipeline.java:682)
		at steps.ReadExcelStepDefinitions.verifyProductInformation(ReadExcelStepDefinitions.java:61)
		at java.base/java.lang.reflect.Method.invoke(Method.java:577)
		at io.cucumber.java.Invoker.doInvoke(Invoker.java:66)
		at io.cucumber.java.Invoker.invoke(Invoker.java:24)
		at io.cucumber.java.AbstractGlueDefinition.invokeMethod(AbstractGlueDefinition.java:47)
		at io.cucumber.java.JavaStepDefinition.execute(JavaStepDefinition.java:29)
		at io.cucumber.core.runner.CoreStepDefinition.execute(CoreStepDefinition.java:66)
		at io.cucumber.core.runner.PickleStepDefinitionMatch.runStep(PickleStepDefinitionMatch.java:63)
		at io.cucumber.core.runner.ExecutionMode$1.execute(ExecutionMode.java:10)
		at io.cucumber.core.runner.TestStep.executeStep(TestStep.java:81)
		at io.cucumber.core.runner.TestStep.run(TestStep.java:53)
		at io.cucumber.core.runner.PickleStepTestStep.run(PickleStepTestStep.java:51)
		at io.cucumber.core.runner.TestCase.run(TestCase.java:84)
		at io.cucumber.core.runner.Runner.runPickle(Runner.java:75)
		at io.cucumber.junit.platform.engine.CucumberEngineExecutionContext.lambda$runTestCase$4(CucumberEngineExecutionContext.java:112)
		at io.cucumber.core.runtime.CucumberExecutionContext.lambda$runTestCase$5(CucumberExecutionContext.java:136)
		at io.cucumber.core.runtime.RethrowingThrowableCollector.executeAndThrow(RethrowingThrowableCollector.java:23)
		at io.cucumber.core.runtime.CucumberExecutionContext.runTestCase(CucumberExecutionContext.java:136)
		at io.cucumber.junit.platform.engine.CucumberEngineExecutionContext.runTestCase(CucumberEngineExecutionContext.java:109)
		at io.cucumber.junit.platform.engine.NodeDescriptor$PickleDescriptor.execute(NodeDescriptor.java:168)
		at io.cucumber.junit.platform.engine.NodeDescriptor$PickleDescriptor.execute(NodeDescriptor.java:90)
		at java.base/java.util.ArrayList.forEach(ArrayList.java:1511)
		at java.base/java.util.ArrayList.forEach(ArrayList.java:1511)
		at java.base/java.util.ArrayList.forEach(ArrayList.java:1511)
		at java.base/java.util.ArrayList.forEach(ArrayList.java:1511)
]]></failure>
    <system-out><![CDATA[
@Regression
Scenario Outline: Verify several elements of the list &amp#27;[90m# src/test/resources/features/ReadExcel.feature:30&amp#27;[0m
  &amp#27;[32mGiven &amp#27;[0m&amp#27;[32mI read the Excel products list&amp#27;[0m                &amp#27;[90m# steps.ReadExcelStepDefinitions.readExcelProductsList()&amp#27;[0m
  &amp#27;[32mWhen &amp#27;[0m&amp#27;[32mI get the element with index &amp#27;[0m&amp#27;[32m&amp#27;[1m0&amp#27;[0m                 &amp#27;[90m# steps.ReadExcelStepDefinitions.getThirdElement(int)&amp#27;[0m
  &amp#27;[31mThen &amp#27;[0m&amp#27;[31mI verify that it has &amp#27;[0m&amp#27;[31m&amp#27;[1m"SALMON"&amp#27;[0m&amp#27;[31m, &amp#27;[0m&amp#27;[31m&amp#27;[1m58.39&amp#27;[0m&amp#27;[31m, &amp#27;[0m&amp#27;[31m&amp#27;[1m9&amp#27;[0m        &amp#27;[90m# steps.ReadExcelStepDefinitions.verifyProductInformation(java.lang.String,double,int)&amp#27;[0m
      &amp#27;[31morg.opentest4j.MultipleFailuresError: Multiple Failures (2 failures)
	org.opentest4j.AssertionFailedError: expected: <36.06> but was: <58.39>
	org.opentest4j.AssertionFailedError: expected: <73.0> but was: <9.0>
	at org.junit.jupiter.api.AssertAll.assertAll(AssertAll.java:80)
	at org.junit.jupiter.api.AssertAll.assertAll(AssertAll.java:44)
	at org.junit.jupiter.api.AssertAll.assertAll(AssertAll.java:38)
	at org.junit.jupiter.api.Assertions.assertAll(Assertions.java:2944)
	at steps.ReadExcelStepDefinitions.verifyProductInformation(ReadExcelStepDefinitions.java:61)
	at ✽.I verify that it has "SALMON", 58.39, 9(file:///C:/Users/SuperUs/Documents/Java.Projects/project-bdd-template/src/test/resources/features/ReadExcel.feature:26)
	Suppressed: org.opentest4j.AssertionFailedError: expected: <36.06> but was: <58.39>
		at org.junit.jupiter.api.AssertionFailureBuilder.build(AssertionFailureBuilder.java:151)
		at org.junit.jupiter.api.AssertionFailureBuilder.buildAndThrow(AssertionFailureBuilder.java:132)
		at org.junit.jupiter.api.AssertEquals.failNotEqual(AssertEquals.java:197)
		at org.junit.jupiter.api.AssertEquals.assertEquals(AssertEquals.java:70)
		at org.junit.jupiter.api.AssertEquals.assertEquals(AssertEquals.java:65)
		at org.junit.jupiter.api.Assertions.assertEquals(Assertions.java:889)
		at steps.ReadExcelStepDefinitions.lambda$verifyProductInformation$5(ReadExcelStepDefinitions.java:63)
		at org.junit.jupiter.api.AssertAll.lambda$assertAll$0(AssertAll.java:68)
		at java.base/java.util.stream.ReferencePipeline$3$1.accept(ReferencePipeline.java:197)
		at java.base/java.util.Spliterators$ArraySpliterator.forEachRemaining(Spliterators.java:992)
		at java.base/java.util.stream.AbstractPipeline.copyInto(AbstractPipeline.java:509)
		at java.base/java.util.stream.AbstractPipeline.wrapAndCopyInto(AbstractPipeline.java:499)
		at java.base/java.util.stream.ReduceOps$ReduceOp.evaluateSequential(ReduceOps.java:921)
		at java.base/java.util.stream.AbstractPipeline.evaluate(AbstractPipeline.java:234)
		at java.base/java.util.stream.ReferencePipeline.collect(ReferencePipeline.java:682)
		at org.junit.jupiter.api.AssertAll.assertAll(AssertAll.java:77)
		at org.junit.jupiter.api.AssertAll.assertAll(AssertAll.java:44)
		at org.junit.jupiter.api.AssertAll.assertAll(AssertAll.java:38)
		at org.junit.jupiter.api.Assertions.assertAll(Assertions.java:2944)
		at steps.ReadExcelStepDefinitions.verifyProductInformation(ReadExcelStepDefinitions.java:61)
		at java.base/jdk.internal.reflect.DirectMethodHandleAccessor.invoke(DirectMethodHandleAccessor.java:104)
		at java.base/java.lang.reflect.Method.invoke(Method.java:577)
		at io.cucumber.java.Invoker.doInvoke(Invoker.java:66)
		at io.cucumber.java.Invoker.invoke(Invoker.java:24)
		at io.cucumber.java.AbstractGlueDefinition.invokeMethod(AbstractGlueDefinition.java:47)
		at io.cucumber.java.JavaStepDefinition.execute(JavaStepDefinition.java:29)
		at io.cucumber.core.runner.CoreStepDefinition.execute(CoreStepDefinition.java:66)
		at io.cucumber.core.runner.PickleStepDefinitionMatch.runStep(PickleStepDefinitionMatch.java:63)
		at io.cucumber.core.runner.ExecutionMode$1.execute(ExecutionMode.java:10)
		at io.cucumber.core.runner.TestStep.executeStep(TestStep.java:81)
		at io.cucumber.core.runner.TestStep.run(TestStep.java:53)
		at io.cucumber.core.runner.PickleStepTestStep.run(PickleStepTestStep.java:51)
		at io.cucumber.core.runner.TestCase.run(TestCase.java:84)
		at io.cucumber.core.runner.Runner.runPickle(Runner.java:75)
		at io.cucumber.junit.platform.engine.CucumberEngineExecutionContext.lambda$runTestCase$4(CucumberEngineExecutionContext.java:112)
		at io.cucumber.core.runtime.CucumberExecutionContext.lambda$runTestCase$5(CucumberExecutionContext.java:136)
		at io.cucumber.core.runtime.RethrowingThrowableCollector.executeAndThrow(RethrowingThrowableCollector.java:23)
		at io.cucumber.core.runtime.CucumberExecutionContext.runTestCase(CucumberExecutionContext.java:136)
		at io.cucumber.junit.platform.engine.CucumberEngineExecutionContext.runTestCase(CucumberEngineExecutionContext.java:109)
		at io.cucumber.junit.platform.engine.NodeDescriptor$PickleDescriptor.execute(NodeDescriptor.java:168)
		at io.cucumber.junit.platform.engine.NodeDescriptor$PickleDescriptor.execute(NodeDescriptor.java:90)
		at org.junit.platform.engine.support.hierarchical.NodeTestTask.lambda$executeRecursively$6(NodeTestTask.java:151)
		at org.junit.platform.engine.support.hierarchical.ThrowableCollector.execute(ThrowableCollector.java:73)
		at org.junit.platform.engine.support.hierarchical.NodeTestTask.lambda$executeRecursively$8(NodeTestTask.java:141)
		at org.junit.platform.engine.support.hierarchical.Node.around(Node.java:137)
		at org.junit.platform.engine.support.hierarchical.NodeTestTask.lambda$executeRecursively$9(NodeTestTask.java:139)
		at org.junit.platform.engine.support.hierarchical.ThrowableCollector.execute(ThrowableCollector.java:73)
		at org.junit.platform.engine.support.hierarchical.NodeTestTask.executeRecursively(NodeTestTask.java:138)
		at org.junit.platform.engine.support.hierarchical.NodeTestTask.execute(NodeTestTask.java:95)
		at java.base/java.util.ArrayList.forEach(ArrayList.java:1511)
		at org.junit.platform.engine.support.hierarchical.SameThreadHierarchicalTestExecutorService.invokeAll(SameThreadHierarchicalTestExecutorService.java:41)
		at org.junit.platform.engine.support.hierarchical.NodeTestTask.lambda$executeRecursively$6(NodeTestTask.java:155)
		at org.junit.platform.engine.support.hierarchical.ThrowableCollector.execute(ThrowableCollector.java:73)
		at org.junit.platform.engine.support.hierarchical.NodeTestTask.lambda$executeRecursively$8(NodeTestTask.java:141)
		at org.junit.platform.engine.support.hierarchical.Node.around(Node.java:137)
		at org.junit.platform.engine.support.hierarchical.NodeTestTask.lambda$executeRecursively$9(NodeTestTask.java:139)
		at org.junit.platform.engine.support.hierarchical.ThrowableCollector.execute(ThrowableCollector.java:73)
		at org.junit.platform.engine.support.hierarchical.NodeTestTask.executeRecursively(NodeTestTask.java:138)
		at org.junit.platform.engine.support.hierarchical.NodeTestTask.execute(NodeTestTask.java:95)
		at java.base/java.util.ArrayList.forEach(ArrayList.java:1511)
		at org.junit.platform.engine.support.hierarchical.SameThreadHierarchicalTestExecutorService.invokeAll(SameThreadHierarchicalTestExecutorService.java:41)
		at org.junit.platform.engine.support.hierarchical.NodeTestTask.lambda$executeRecursively$6(NodeTestTask.java:155)
		at org.junit.platform.engine.support.hierarchical.ThrowableCollector.execute(ThrowableCollector.java:73)
		at org.junit.platform.engine.support.hierarchical.NodeTestTask.lambda$executeRecursively$8(NodeTestTask.java:141)
		at org.junit.platform.engine.support.hierarchical.Node.around(Node.java:137)
		at org.junit.platform.engine.support.hierarchical.NodeTestTask.lambda$executeRecursively$9(NodeTestTask.java:139)
		at org.junit.platform.engine.support.hierarchical.ThrowableCollector.execute(ThrowableCollector.java:73)
		at org.junit.platform.engine.support.hierarchical.NodeTestTask.executeRecursively(NodeTestTask.java:138)
		at org.junit.platform.engine.support.hierarchical.NodeTestTask.execute(NodeTestTask.java:95)
		at java.base/java.util.ArrayList.forEach(ArrayList.java:1511)
		at org.junit.platform.engine.support.hierarchical.SameThreadHierarchicalTestExecutorService.invokeAll(SameThreadHierarchicalTestExecutorService.java:41)
		at org.junit.platform.engine.support.hierarchical.NodeTestTask.lambda$executeRecursively$6(NodeTestTask.java:155)
		at org.junit.platform.engine.support.hierarchical.ThrowableCollector.execute(ThrowableCollector.java:73)
		at org.junit.platform.engine.support.hierarchical.NodeTestTask.lambda$executeRecursively$8(NodeTestTask.java:141)
		at org.junit.platform.engine.support.hierarchical.Node.around(Node.java:137)
		at org.junit.platform.engine.support.hierarchical.NodeTestTask.lambda$executeRecursively$9(NodeTestTask.java:139)
		at org.junit.platform.engine.support.hierarchical.ThrowableCollector.execute(ThrowableCollector.java:73)
		at org.junit.platform.engine.support.hierarchical.NodeTestTask.executeRecursively(NodeTestTask.java:138)
		at org.junit.platform.engine.support.hierarchical.NodeTestTask.execute(NodeTestTask.java:95)
		at java.base/java.util.ArrayList.forEach(ArrayList.java:1511)
		at org.junit.platform.engine.support.hierarchical.SameThreadHierarchicalTestExecutorService.invokeAll(SameThreadHierarchicalTestExecutorService.java:41)
		at org.junit.platform.engine.support.hierarchical.NodeTestTask.lambda$executeRecursively$6(NodeTestTask.java:155)
		at org.junit.platform.engine.support.hierarchical.ThrowableCollector.execute(ThrowableCollector.java:73)
		at org.junit.platform.engine.support.hierarchical.NodeTestTask.lambda$executeRecursively$8(NodeTestTask.java:141)
		at org.junit.platform.engine.support.hierarchical.Node.around(Node.java:137)
		at org.junit.platform.engine.support.hierarchical.NodeTestTask.lambda$executeRecursively$9(NodeTestTask.java:139)
		at org.junit.platform.engine.support.hierarchical.ThrowableCollector.execute(ThrowableCollector.java:73)
		at org.junit.platform.engine.support.hierarchical.NodeTestTask.executeRecursively(NodeTestTask.java:138)
		at org.junit.platform.engine.support.hierarchical.NodeTestTask.execute(NodeTestTask.java:95)
		at org.junit.platform.engine.support.hierarchical.SameThreadHierarchicalTestExecutorService.submit(SameThreadHierarchicalTestExecutorService.java:35)
		at org.junit.platform.engine.support.hierarchical.HierarchicalTestExecutor.execute(HierarchicalTestExecutor.java:57)
		at org.junit.platform.engine.support.hierarchical.HierarchicalTestEngine.execute(HierarchicalTestEngine.java:54)
		at org.junit.platform.launcher.core.EngineExecutionOrchestrator.execute(EngineExecutionOrchestrator.java:198)
		at org.junit.platform.launcher.core.EngineExecutionOrchestrator.execute(EngineExecutionOrchestrator.java:169)
		at org.junit.platform.launcher.core.EngineExecutionOrchestrator.execute(EngineExecutionOrchestrator.java:93)
		at org.junit.platform.launcher.core.EngineExecutionOrchestrator.lambda$execute$0(EngineExecutionOrchestrator.java:58)
		at org.junit.platform.launcher.core.EngineExecutionOrchestrator.withInterceptedStreams(EngineExecutionOrchestrator.java:141)
		at org.junit.platform.launcher.core.EngineExecutionOrchestrator.execute(EngineExecutionOrchestrator.java:57)
		at org.junit.platform.launcher.core.DefaultLauncher.execute(DefaultLauncher.java:103)
		at org.junit.platform.launcher.core.DefaultLauncher.execute(DefaultLauncher.java:85)
		at org.junit.platform.launcher.core.DelegatingLauncher.execute(DelegatingLauncher.java:47)
		at org.apache.maven.surefire.junitplatform.LazyLauncher.execute(LazyLauncher.java:56)
		at org.apache.maven.surefire.junitplatform.JUnitPlatformProvider.execute(JUnitPlatformProvider.java:184)
		at org.apache.maven.surefire.junitplatform.JUnitPlatformProvider.invokeAllTests(JUnitPlatformProvider.java:148)
		at org.apache.maven.surefire.junitplatform.JUnitPlatformProvider.invoke(JUnitPlatformProvider.java:122)
		at org.apache.maven.surefire.booter.ForkedBooter.runSuitesInProcess(ForkedBooter.java:385)
		at org.apache.maven.surefire.booter.ForkedBooter.execute(ForkedBooter.java:162)
		at org.apache.maven.surefire.booter.ForkedBooter.run(ForkedBooter.java:507)
		at org.apache.maven.surefire.booter.ForkedBooter.main(ForkedBooter.java:495)
	Suppressed: org.opentest4j.AssertionFailedError: expected: <73.0> but was: <9.0>
		at org.junit.jupiter.api.AssertionFailureBuilder.build(AssertionFailureBuilder.java:151)
		at org.junit.jupiter.api.AssertionFailureBuilder.buildAndThrow(AssertionFailureBuilder.java:132)
		at org.junit.jupiter.api.AssertEquals.failNotEqual(AssertEquals.java:197)
		at org.junit.jupiter.api.AssertEquals.assertEquals(AssertEquals.java:70)
		at org.junit.jupiter.api.AssertEquals.assertEquals(AssertEquals.java:65)
		at org.junit.jupiter.api.Assertions.assertEquals(Assertions.java:889)
		at steps.ReadExcelStepDefinitions.lambda$verifyProductInformation$6(ReadExcelStepDefinitions.java:64)
		at org.junit.jupiter.api.AssertAll.lambda$assertAll$0(AssertAll.java:68)
		at java.base/java.util.stream.ReferencePipeline$3$1.accept(ReferencePipeline.java:197)
		at java.base/java.util.Spliterators$ArraySpliterator.forEachRemaining(Spliterators.java:992)
		at java.base/java.util.stream.AbstractPipeline.copyInto(AbstractPipeline.java:509)
		at java.base/java.util.stream.AbstractPipeline.wrapAndCopyInto(AbstractPipeline.java:499)
		at java.base/java.util.stream.ReduceOps$ReduceOp.evaluateSequential(ReduceOps.java:921)
		at java.base/java.util.stream.AbstractPipeline.evaluate(AbstractPipeline.java:234)
		at java.base/java.util.stream.ReferencePipeline.collect(ReferencePipeline.java:682)
		at org.junit.jupiter.api.AssertAll.assertAll(AssertAll.java:77)
		at org.junit.jupiter.api.AssertAll.assertAll(AssertAll.java:44)
		at org.junit.jupiter.api.AssertAll.assertAll(AssertAll.java:38)
		at org.junit.jupiter.api.Assertions.assertAll(Assertions.java:2944)
		at steps.ReadExcelStepDefinitions.verifyProductInformation(ReadExcelStepDefinitions.java:61)
		at java.base/jdk.internal.reflect.DirectMethodHandleAccessor.invoke(DirectMethodHandleAccessor.java:104)
		at java.base/java.lang.reflect.Method.invoke(Method.java:577)
		at io.cucumber.java.Invoker.doInvoke(Invoker.java:66)
		at io.cucumber.java.Invoker.invoke(Invoker.java:24)
		at io.cucumber.java.AbstractGlueDefinition.invokeMethod(AbstractGlueDefinition.java:47)
		at io.cucumber.java.JavaStepDefinition.execute(JavaStepDefinition.java:29)
		at io.cucumber.core.runner.CoreStepDefinition.execute(CoreStepDefinition.java:66)
		at io.cucumber.core.runner.PickleStepDefinitionMatch.runStep(PickleStepDefinitionMatch.java:63)
		at io.cucumber.core.runner.ExecutionMode$1.execute(ExecutionMode.java:10)
		at io.cucumber.core.runner.TestStep.executeStep(TestStep.java:81)
		at io.cucumber.core.runner.TestStep.run(TestStep.java:53)
		at io.cucumber.core.runner.PickleStepTestStep.run(PickleStepTestStep.java:51)
		at io.cucumber.core.runner.TestCase.run(TestCase.java:84)
		at io.cucumber.core.runner.Runner.runPickle(Runner.java:75)
		at io.cucumber.junit.platform.engine.CucumberEngineExecutionContext.lambda$runTestCase$4(CucumberEngineExecutionContext.java:112)
		at io.cucumber.core.runtime.CucumberExecutionContext.lambda$runTestCase$5(CucumberExecutionContext.java:136)
		at io.cucumber.core.runtime.RethrowingThrowableCollector.executeAndThrow(RethrowingThrowableCollector.java:23)
		at io.cucumber.core.runtime.CucumberExecutionContext.runTestCase(CucumberExecutionContext.java:136)
		at io.cucumber.junit.platform.engine.CucumberEngineExecutionContext.runTestCase(CucumberEngineExecutionContext.java:109)
		at io.cucumber.junit.platform.engine.NodeDescriptor$PickleDescriptor.execute(NodeDescriptor.java:168)
		at io.cucumber.junit.platform.engine.NodeDescriptor$PickleDescriptor.execute(NodeDescriptor.java:90)
		at org.junit.platform.engine.support.hierarchical.NodeTestTask.lambda$executeRecursively$6(NodeTestTask.java:151)
		at org.junit.platform.engine.support.hierarchical.ThrowableCollector.execute(ThrowableCollector.java:73)
		at org.junit.platform.engine.support.hierarchical.NodeTestTask.lambda$executeRecursively$8(NodeTestTask.java:141)
		at org.junit.platform.engine.support.hierarchical.Node.around(Node.java:137)
		at org.junit.platform.engine.support.hierarchical.NodeTestTask.lambda$executeRecursively$9(NodeTestTask.java:139)
		at org.junit.platform.engine.support.hierarchical.ThrowableCollector.execute(ThrowableCollector.java:73)
		at org.junit.platform.engine.support.hierarchical.NodeTestTask.executeRecursively(NodeTestTask.java:138)
		at org.junit.platform.engine.support.hierarchical.NodeTestTask.execute(NodeTestTask.java:95)
		at java.base/java.util.ArrayList.forEach(ArrayList.java:1511)
		at org.junit.platform.engine.support.hierarchical.SameThreadHierarchicalTestExecutorService.invokeAll(SameThreadHierarchicalTestExecutorService.java:41)
		at org.junit.platform.engine.support.hierarchical.NodeTestTask.lambda$executeRecursively$6(NodeTestTask.java:155)
		at org.junit.platform.engine.support.hierarchical.ThrowableCollector.execute(ThrowableCollector.java:73)
		at org.junit.platform.engine.support.hierarchical.NodeTestTask.lambda$executeRecursively$8(NodeTestTask.java:141)
		at org.junit.platform.engine.support.hierarchical.Node.around(Node.java:137)
		at org.junit.platform.engine.support.hierarchical.NodeTestTask.lambda$executeRecursively$9(NodeTestTask.java:139)
		at org.junit.platform.engine.support.hierarchical.ThrowableCollector.execute(ThrowableCollector.java:73)
		at org.junit.platform.engine.support.hierarchical.NodeTestTask.executeRecursively(NodeTestTask.java:138)
		at org.junit.platform.engine.support.hierarchical.NodeTestTask.execute(NodeTestTask.java:95)
		at java.base/java.util.ArrayList.forEach(ArrayList.java:1511)
		at org.junit.platform.engine.support.hierarchical.SameThreadHierarchicalTestExecutorService.invokeAll(SameThreadHierarchicalTestExecutorService.java:41)
		at org.junit.platform.engine.support.hierarchical.NodeTestTask.lambda$executeRecursively$6(NodeTestTask.java:155)
		at org.junit.platform.engine.support.hierarchical.ThrowableCollector.execute(ThrowableCollector.java:73)
		at org.junit.platform.engine.support.hierarchical.NodeTestTask.lambda$executeRecursively$8(NodeTestTask.java:141)
		at org.junit.platform.engine.support.hierarchical.Node.around(Node.java:137)
		at org.junit.platform.engine.support.hierarchical.NodeTestTask.lambda$executeRecursively$9(NodeTestTask.java:139)
		at org.junit.platform.engine.support.hierarchical.ThrowableCollector.execute(ThrowableCollector.java:73)
		at org.junit.platform.engine.support.hierarchical.NodeTestTask.executeRecursively(NodeTestTask.java:138)
		at org.junit.platform.engine.support.hierarchical.NodeTestTask.execute(NodeTestTask.java:95)
		at java.base/java.util.ArrayList.forEach(ArrayList.java:1511)
		at org.junit.platform.engine.support.hierarchical.SameThreadHierarchicalTestExecutorService.invokeAll(SameThreadHierarchicalTestExecutorService.java:41)
		at org.junit.platform.engine.support.hierarchical.NodeTestTask.lambda$executeRecursively$6(NodeTestTask.java:155)
		at org.junit.platform.engine.support.hierarchical.ThrowableCollector.execute(ThrowableCollector.java:73)
		at org.junit.platform.engine.support.hierarchical.NodeTestTask.lambda$executeRecursively$8(NodeTestTask.java:141)
		at org.junit.platform.engine.support.hierarchical.Node.around(Node.java:137)
		at org.junit.platform.engine.support.hierarchical.NodeTestTask.lambda$executeRecursively$9(NodeTestTask.java:139)
		at org.junit.platform.engine.support.hierarchical.ThrowableCollector.execute(ThrowableCollector.java:73)
		at org.junit.platform.engine.support.hierarchical.NodeTestTask.executeRecursively(NodeTestTask.java:138)
		at org.junit.platform.engine.support.hierarchical.NodeTestTask.execute(NodeTestTask.java:95)
		at java.base/java.util.ArrayList.forEach(ArrayList.java:1511)
		at org.junit.platform.engine.support.hierarchical.SameThreadHierarchicalTestExecutorService.invokeAll(SameThreadHierarchicalTestExecutorService.java:41)
		at org.junit.platform.engine.support.hierarchical.NodeTestTask.lambda$executeRecursively$6(NodeTestTask.java:155)
		at org.junit.platform.engine.support.hierarchical.ThrowableCollector.execute(ThrowableCollector.java:73)
		at org.junit.platform.engine.support.hierarchical.NodeTestTask.lambda$executeRecursively$8(NodeTestTask.java:141)
		at org.junit.platform.engine.support.hierarchical.Node.around(Node.java:137)
		at org.junit.platform.engine.support.hierarchical.NodeTestTask.lambda$executeRecursively$9(NodeTestTask.java:139)
		at org.junit.platform.engine.support.hierarchical.ThrowableCollector.execute(ThrowableCollector.java:73)
		at org.junit.platform.engine.support.hierarchical.NodeTestTask.executeRecursively(NodeTestTask.java:138)
		at org.junit.platform.engine.support.hierarchical.NodeTestTask.execute(NodeTestTask.java:95)
		at org.junit.platform.engine.support.hierarchical.SameThreadHierarchicalTestExecutorService.submit(SameThreadHierarchicalTestExecutorService.java:35)
		at org.junit.platform.engine.support.hierarchical.HierarchicalTestExecutor.execute(HierarchicalTestExecutor.java:57)
		at org.junit.platform.engine.support.hierarchical.HierarchicalTestEngine.execute(HierarchicalTestEngine.java:54)
		at org.junit.platform.launcher.core.EngineExecutionOrchestrator.execute(EngineExecutionOrchestrator.java:198)
		at org.junit.platform.launcher.core.EngineExecutionOrchestrator.execute(EngineExecutionOrchestrator.java:169)
		at org.junit.platform.launcher.core.EngineExecutionOrchestrator.execute(EngineExecutionOrchestrator.java:93)
		at org.junit.platform.launcher.core.EngineExecutionOrchestrator.lambda$execute$0(EngineExecutionOrchestrator.java:58)
		at org.junit.platform.launcher.core.EngineExecutionOrchestrator.withInterceptedStreams(EngineExecutionOrchestrator.java:141)
		at org.junit.platform.launcher.core.EngineExecutionOrchestrator.execute(EngineExecutionOrchestrator.java:57)
		at org.junit.platform.launcher.core.DefaultLauncher.execute(DefaultLauncher.java:103)
		at org.junit.platform.launcher.core.DefaultLauncher.execute(DefaultLauncher.java:85)
		at org.junit.platform.launcher.core.DelegatingLauncher.execute(DelegatingLauncher.java:47)
		at org.apache.maven.surefire.junitplatform.LazyLauncher.execute(LazyLauncher.java:56)
		at org.apache.maven.surefire.junitplatform.JUnitPlatformProvider.execute(JUnitPlatformProvider.java:184)
		at org.apache.maven.surefire.junitplatform.JUnitPlatformProvider.invokeAllTests(JUnitPlatformProvider.java:148)
		at org.apache.maven.surefire.junitplatform.JUnitPlatformProvider.invoke(JUnitPlatformProvider.java:122)
		at org.apache.maven.surefire.booter.ForkedBooter.runSuitesInProcess(ForkedBooter.java:385)
		at org.apache.maven.surefire.booter.ForkedBooter.execute(ForkedBooter.java:162)
		at org.apache.maven.surefire.booter.ForkedBooter.run(ForkedBooter.java:507)
		at org.apache.maven.surefire.booter.ForkedBooter.main(ForkedBooter.java:495)
&amp#27;[0m
]]></system-out>
  </testcase>
  <testcase name="Read Excel - Verify several elements of the list - Examples - Example #1.2" classname="Read Excel - Verify several elements of the list - Examples" time="0.263">
    <failure message="Multiple Failures (2 failures)&#10;	org.opentest4j.AssertionFailedError: expected: &lt;35.9&gt; but was: &lt;96.21&gt;&#10;	org.opentest4j.AssertionFailedError: expected: &lt;97.0&gt; but was: &lt;77.0&gt;" type="org.opentest4j.MultipleFailuresError"><![CDATA[org.opentest4j.MultipleFailuresError: 
Multiple Failures (2 failures)
	org.opentest4j.AssertionFailedError: expected: <35.9> but was: <96.21>
	org.opentest4j.AssertionFailedError: expected: <97.0> but was: <77.0>
	at steps.ReadExcelStepDefinitions.verifyProductInformation(ReadExcelStepDefinitions.java:61)
	at ✽.I verify that it has "JITOMATE", 96.21, 77(file:///C:/Users/SuperUs/Documents/Java.Projects/project-bdd-template/src/test/resources/features/ReadExcel.feature:26)
	Suppressed: org.opentest4j.AssertionFailedError: expected: <35.9> but was: <96.21>
		at steps.ReadExcelStepDefinitions.lambda$verifyProductInformation$5(ReadExcelStepDefinitions.java:63)
		at java.base/java.util.stream.ReferencePipeline$3$1.accept(ReferencePipeline.java:197)
		at java.base/java.util.Spliterators$ArraySpliterator.forEachRemaining(Spliterators.java:992)
		at java.base/java.util.stream.AbstractPipeline.copyInto(AbstractPipeline.java:509)
		at java.base/java.util.stream.AbstractPipeline.wrapAndCopyInto(AbstractPipeline.java:499)
		at java.base/java.util.stream.ReduceOps$ReduceOp.evaluateSequential(ReduceOps.java:921)
		at java.base/java.util.stream.AbstractPipeline.evaluate(AbstractPipeline.java:234)
		at java.base/java.util.stream.ReferencePipeline.collect(ReferencePipeline.java:682)
		at steps.ReadExcelStepDefinitions.verifyProductInformation(ReadExcelStepDefinitions.java:61)
		at java.base/java.lang.reflect.Method.invoke(Method.java:577)
		at io.cucumber.java.Invoker.doInvoke(Invoker.java:66)
		at io.cucumber.java.Invoker.invoke(Invoker.java:24)
		at io.cucumber.java.AbstractGlueDefinition.invokeMethod(AbstractGlueDefinition.java:47)
		at io.cucumber.java.JavaStepDefinition.execute(JavaStepDefinition.java:29)
		at io.cucumber.core.runner.CoreStepDefinition.execute(CoreStepDefinition.java:66)
		at io.cucumber.core.runner.PickleStepDefinitionMatch.runStep(PickleStepDefinitionMatch.java:63)
		at io.cucumber.core.runner.ExecutionMode$1.execute(ExecutionMode.java:10)
		at io.cucumber.core.runner.TestStep.executeStep(TestStep.java:81)
		at io.cucumber.core.runner.TestStep.run(TestStep.java:53)
		at io.cucumber.core.runner.PickleStepTestStep.run(PickleStepTestStep.java:51)
		at io.cucumber.core.runner.TestCase.run(TestCase.java:84)
		at io.cucumber.core.runner.Runner.runPickle(Runner.java:75)
		at io.cucumber.junit.platform.engine.CucumberEngineExecutionContext.lambda$runTestCase$4(CucumberEngineExecutionContext.java:112)
		at io.cucumber.core.runtime.CucumberExecutionContext.lambda$runTestCase$5(CucumberExecutionContext.java:136)
		at io.cucumber.core.runtime.RethrowingThrowableCollector.executeAndThrow(RethrowingThrowableCollector.java:23)
		at io.cucumber.core.runtime.CucumberExecutionContext.runTestCase(CucumberExecutionContext.java:136)
		at io.cucumber.junit.platform.engine.CucumberEngineExecutionContext.runTestCase(CucumberEngineExecutionContext.java:109)
		at io.cucumber.junit.platform.engine.NodeDescriptor$PickleDescriptor.execute(NodeDescriptor.java:168)
		at io.cucumber.junit.platform.engine.NodeDescriptor$PickleDescriptor.execute(NodeDescriptor.java:90)
		at java.base/java.util.ArrayList.forEach(ArrayList.java:1511)
		at java.base/java.util.ArrayList.forEach(ArrayList.java:1511)
		at java.base/java.util.ArrayList.forEach(ArrayList.java:1511)
		at java.base/java.util.ArrayList.forEach(ArrayList.java:1511)
	Suppressed: org.opentest4j.AssertionFailedError: expected: <97.0> but was: <77.0>
		at steps.ReadExcelStepDefinitions.lambda$verifyProductInformation$6(ReadExcelStepDefinitions.java:64)
		at java.base/java.util.stream.ReferencePipeline$3$1.accept(ReferencePipeline.java:197)
		at java.base/java.util.Spliterators$ArraySpliterator.forEachRemaining(Spliterators.java:992)
		at java.base/java.util.stream.AbstractPipeline.copyInto(AbstractPipeline.java:509)
		at java.base/java.util.stream.AbstractPipeline.wrapAndCopyInto(AbstractPipeline.java:499)
		at java.base/java.util.stream.ReduceOps$ReduceOp.evaluateSequential(ReduceOps.java:921)
		at java.base/java.util.stream.AbstractPipeline.evaluate(AbstractPipeline.java:234)
		at java.base/java.util.stream.ReferencePipeline.collect(ReferencePipeline.java:682)
		at steps.ReadExcelStepDefinitions.verifyProductInformation(ReadExcelStepDefinitions.java:61)
		at java.base/java.lang.reflect.Method.invoke(Method.java:577)
		at io.cucumber.java.Invoker.doInvoke(Invoker.java:66)
		at io.cucumber.java.Invoker.invoke(Invoker.java:24)
		at io.cucumber.java.AbstractGlueDefinition.invokeMethod(AbstractGlueDefinition.java:47)
		at io.cucumber.java.JavaStepDefinition.execute(JavaStepDefinition.java:29)
		at io.cucumber.core.runner.CoreStepDefinition.execute(CoreStepDefinition.java:66)
		at io.cucumber.core.runner.PickleStepDefinitionMatch.runStep(PickleStepDefinitionMatch.java:63)
		at io.cucumber.core.runner.ExecutionMode$1.execute(ExecutionMode.java:10)
		at io.cucumber.core.runner.TestStep.executeStep(TestStep.java:81)
		at io.cucumber.core.runner.TestStep.run(TestStep.java:53)
		at io.cucumber.core.runner.PickleStepTestStep.run(PickleStepTestStep.java:51)
		at io.cucumber.core.runner.TestCase.run(TestCase.java:84)
		at io.cucumber.core.runner.Runner.runPickle(Runner.java:75)
		at io.cucumber.junit.platform.engine.CucumberEngineExecutionContext.lambda$runTestCase$4(CucumberEngineExecutionContext.java:112)
		at io.cucumber.core.runtime.CucumberExecutionContext.lambda$runTestCase$5(CucumberExecutionContext.java:136)
		at io.cucumber.core.runtime.RethrowingThrowableCollector.executeAndThrow(RethrowingThrowableCollector.java:23)
		at io.cucumber.core.runtime.CucumberExecutionContext.runTestCase(CucumberExecutionContext.java:136)
		at io.cucumber.junit.platform.engine.CucumberEngineExecutionContext.runTestCase(CucumberEngineExecutionContext.java:109)
		at io.cucumber.junit.platform.engine.NodeDescriptor$PickleDescriptor.execute(NodeDescriptor.java:168)
		at io.cucumber.junit.platform.engine.NodeDescriptor$PickleDescriptor.execute(NodeDescriptor.java:90)
		at java.base/java.util.ArrayList.forEach(ArrayList.java:1511)
		at java.base/java.util.ArrayList.forEach(ArrayList.java:1511)
		at java.base/java.util.ArrayList.forEach(ArrayList.java:1511)
		at java.base/java.util.ArrayList.forEach(ArrayList.java:1511)
]]></failure>
    <system-out><![CDATA[
@Regression
Scenario Outline: Verify several elements of the list &amp#27;[90m# src/test/resources/features/ReadExcel.feature:31&amp#27;[0m
  &amp#27;[32mGiven &amp#27;[0m&amp#27;[32mI read the Excel products list&amp#27;[0m                &amp#27;[90m# steps.ReadExcelStepDefinitions.readExcelProductsList()&amp#27;[0m
  &amp#27;[32mWhen &amp#27;[0m&amp#27;[32mI get the element with index &amp#27;[0m&amp#27;[32m&amp#27;[1m1&amp#27;[0m                 &amp#27;[90m# steps.ReadExcelStepDefinitions.getThirdElement(int)&amp#27;[0m
  &amp#27;[31mThen &amp#27;[0m&amp#27;[31mI verify that it has &amp#27;[0m&amp#27;[31m&amp#27;[1m"JITOMATE"&amp#27;[0m&amp#27;[31m, &amp#27;[0m&amp#27;[31m&amp#27;[1m96.21&amp#27;[0m&amp#27;[31m, &amp#27;[0m&amp#27;[31m&amp#27;[1m77&amp#27;[0m     &amp#27;[90m# steps.ReadExcelStepDefinitions.verifyProductInformation(java.lang.String,double,int)&amp#27;[0m
      &amp#27;[31morg.opentest4j.MultipleFailuresError: Multiple Failures (2 failures)
	org.opentest4j.AssertionFailedError: expected: <35.9> but was: <96.21>
	org.opentest4j.AssertionFailedError: expected: <97.0> but was: <77.0>
	at org.junit.jupiter.api.AssertAll.assertAll(AssertAll.java:80)
	at org.junit.jupiter.api.AssertAll.assertAll(AssertAll.java:44)
	at org.junit.jupiter.api.AssertAll.assertAll(AssertAll.java:38)
	at org.junit.jupiter.api.Assertions.assertAll(Assertions.java:2944)
	at steps.ReadExcelStepDefinitions.verifyProductInformation(ReadExcelStepDefinitions.java:61)
	at ✽.I verify that it has "JITOMATE", 96.21, 77(file:///C:/Users/SuperUs/Documents/Java.Projects/project-bdd-template/src/test/resources/features/ReadExcel.feature:26)
	Suppressed: org.opentest4j.AssertionFailedError: expected: <35.9> but was: <96.21>
		at org.junit.jupiter.api.AssertionFailureBuilder.build(AssertionFailureBuilder.java:151)
		at org.junit.jupiter.api.AssertionFailureBuilder.buildAndThrow(AssertionFailureBuilder.java:132)
		at org.junit.jupiter.api.AssertEquals.failNotEqual(AssertEquals.java:197)
		at org.junit.jupiter.api.AssertEquals.assertEquals(AssertEquals.java:70)
		at org.junit.jupiter.api.AssertEquals.assertEquals(AssertEquals.java:65)
		at org.junit.jupiter.api.Assertions.assertEquals(Assertions.java:889)
		at steps.ReadExcelStepDefinitions.lambda$verifyProductInformation$5(ReadExcelStepDefinitions.java:63)
		at org.junit.jupiter.api.AssertAll.lambda$assertAll$0(AssertAll.java:68)
		at java.base/java.util.stream.ReferencePipeline$3$1.accept(ReferencePipeline.java:197)
		at java.base/java.util.Spliterators$ArraySpliterator.forEachRemaining(Spliterators.java:992)
		at java.base/java.util.stream.AbstractPipeline.copyInto(AbstractPipeline.java:509)
		at java.base/java.util.stream.AbstractPipeline.wrapAndCopyInto(AbstractPipeline.java:499)
		at java.base/java.util.stream.ReduceOps$ReduceOp.evaluateSequential(ReduceOps.java:921)
		at java.base/java.util.stream.AbstractPipeline.evaluate(AbstractPipeline.java:234)
		at java.base/java.util.stream.ReferencePipeline.collect(ReferencePipeline.java:682)
		at org.junit.jupiter.api.AssertAll.assertAll(AssertAll.java:77)
		at org.junit.jupiter.api.AssertAll.assertAll(AssertAll.java:44)
		at org.junit.jupiter.api.AssertAll.assertAll(AssertAll.java:38)
		at org.junit.jupiter.api.Assertions.assertAll(Assertions.java:2944)
		at steps.ReadExcelStepDefinitions.verifyProductInformation(ReadExcelStepDefinitions.java:61)
		at java.base/jdk.internal.reflect.DirectMethodHandleAccessor.invoke(DirectMethodHandleAccessor.java:104)
		at java.base/java.lang.reflect.Method.invoke(Method.java:577)
		at io.cucumber.java.Invoker.doInvoke(Invoker.java:66)
		at io.cucumber.java.Invoker.invoke(Invoker.java:24)
		at io.cucumber.java.AbstractGlueDefinition.invokeMethod(AbstractGlueDefinition.java:47)
		at io.cucumber.java.JavaStepDefinition.execute(JavaStepDefinition.java:29)
		at io.cucumber.core.runner.CoreStepDefinition.execute(CoreStepDefinition.java:66)
		at io.cucumber.core.runner.PickleStepDefinitionMatch.runStep(PickleStepDefinitionMatch.java:63)
		at io.cucumber.core.runner.ExecutionMode$1.execute(ExecutionMode.java:10)
		at io.cucumber.core.runner.TestStep.executeStep(TestStep.java:81)
		at io.cucumber.core.runner.TestStep.run(TestStep.java:53)
		at io.cucumber.core.runner.PickleStepTestStep.run(PickleStepTestStep.java:51)
		at io.cucumber.core.runner.TestCase.run(TestCase.java:84)
		at io.cucumber.core.runner.Runner.runPickle(Runner.java:75)
		at io.cucumber.junit.platform.engine.CucumberEngineExecutionContext.lambda$runTestCase$4(CucumberEngineExecutionContext.java:112)
		at io.cucumber.core.runtime.CucumberExecutionContext.lambda$runTestCase$5(CucumberExecutionContext.java:136)
		at io.cucumber.core.runtime.RethrowingThrowableCollector.executeAndThrow(RethrowingThrowableCollector.java:23)
		at io.cucumber.core.runtime.CucumberExecutionContext.runTestCase(CucumberExecutionContext.java:136)
		at io.cucumber.junit.platform.engine.CucumberEngineExecutionContext.runTestCase(CucumberEngineExecutionContext.java:109)
		at io.cucumber.junit.platform.engine.NodeDescriptor$PickleDescriptor.execute(NodeDescriptor.java:168)
		at io.cucumber.junit.platform.engine.NodeDescriptor$PickleDescriptor.execute(NodeDescriptor.java:90)
		at org.junit.platform.engine.support.hierarchical.NodeTestTask.lambda$executeRecursively$6(NodeTestTask.java:151)
		at org.junit.platform.engine.support.hierarchical.ThrowableCollector.execute(ThrowableCollector.java:73)
		at org.junit.platform.engine.support.hierarchical.NodeTestTask.lambda$executeRecursively$8(NodeTestTask.java:141)
		at org.junit.platform.engine.support.hierarchical.Node.around(Node.java:137)
		at org.junit.platform.engine.support.hierarchical.NodeTestTask.lambda$executeRecursively$9(NodeTestTask.java:139)
		at org.junit.platform.engine.support.hierarchical.ThrowableCollector.execute(ThrowableCollector.java:73)
		at org.junit.platform.engine.support.hierarchical.NodeTestTask.executeRecursively(NodeTestTask.java:138)
		at org.junit.platform.engine.support.hierarchical.NodeTestTask.execute(NodeTestTask.java:95)
		at java.base/java.util.ArrayList.forEach(ArrayList.java:1511)
		at org.junit.platform.engine.support.hierarchical.SameThreadHierarchicalTestExecutorService.invokeAll(SameThreadHierarchicalTestExecutorService.java:41)
		at org.junit.platform.engine.support.hierarchical.NodeTestTask.lambda$executeRecursively$6(NodeTestTask.java:155)
		at org.junit.platform.engine.support.hierarchical.ThrowableCollector.execute(ThrowableCollector.java:73)
		at org.junit.platform.engine.support.hierarchical.NodeTestTask.lambda$executeRecursively$8(NodeTestTask.java:141)
		at org.junit.platform.engine.support.hierarchical.Node.around(Node.java:137)
		at org.junit.platform.engine.support.hierarchical.NodeTestTask.lambda$executeRecursively$9(NodeTestTask.java:139)
		at org.junit.platform.engine.support.hierarchical.ThrowableCollector.execute(ThrowableCollector.java:73)
		at org.junit.platform.engine.support.hierarchical.NodeTestTask.executeRecursively(NodeTestTask.java:138)
		at org.junit.platform.engine.support.hierarchical.NodeTestTask.execute(NodeTestTask.java:95)
		at java.base/java.util.ArrayList.forEach(ArrayList.java:1511)
		at org.junit.platform.engine.support.hierarchical.SameThreadHierarchicalTestExecutorService.invokeAll(SameThreadHierarchicalTestExecutorService.java:41)
		at org.junit.platform.engine.support.hierarchical.NodeTestTask.lambda$executeRecursively$6(NodeTestTask.java:155)
		at org.junit.platform.engine.support.hierarchical.ThrowableCollector.execute(ThrowableCollector.java:73)
		at org.junit.platform.engine.support.hierarchical.NodeTestTask.lambda$executeRecursively$8(NodeTestTask.java:141)
		at org.junit.platform.engine.support.hierarchical.Node.around(Node.java:137)
		at org.junit.platform.engine.support.hierarchical.NodeTestTask.lambda$executeRecursively$9(NodeTestTask.java:139)
		at org.junit.platform.engine.support.hierarchical.ThrowableCollector.execute(ThrowableCollector.java:73)
		at org.junit.platform.engine.support.hierarchical.NodeTestTask.executeRecursively(NodeTestTask.java:138)
		at org.junit.platform.engine.support.hierarchical.NodeTestTask.execute(NodeTestTask.java:95)
		at java.base/java.util.ArrayList.forEach(ArrayList.java:1511)
		at org.junit.platform.engine.support.hierarchical.SameThreadHierarchicalTestExecutorService.invokeAll(SameThreadHierarchicalTestExecutorService.java:41)
		at org.junit.platform.engine.support.hierarchical.NodeTestTask.lambda$executeRecursively$6(NodeTestTask.java:155)
		at org.junit.platform.engine.support.hierarchical.ThrowableCollector.execute(ThrowableCollector.java:73)
		at org.junit.platform.engine.support.hierarchical.NodeTestTask.lambda$executeRecursively$8(NodeTestTask.java:141)
		at org.junit.platform.engine.support.hierarchical.Node.around(Node.java:137)
		at org.junit.platform.engine.support.hierarchical.NodeTestTask.lambda$executeRecursively$9(NodeTestTask.java:139)
		at org.junit.platform.engine.support.hierarchical.ThrowableCollector.execute(ThrowableCollector.java:73)
		at org.junit.platform.engine.support.hierarchical.NodeTestTask.executeRecursively(NodeTestTask.java:138)
		at org.junit.platform.engine.support.hierarchical.NodeTestTask.execute(NodeTestTask.java:95)
		at java.base/java.util.ArrayList.forEach(ArrayList.java:1511)
		at org.junit.platform.engine.support.hierarchical.SameThreadHierarchicalTestExecutorService.invokeAll(SameThreadHierarchicalTestExecutorService.java:41)
		at org.junit.platform.engine.support.hierarchical.NodeTestTask.lambda$executeRecursively$6(NodeTestTask.java:155)
		at org.junit.platform.engine.support.hierarchical.ThrowableCollector.execute(ThrowableCollector.java:73)
		at org.junit.platform.engine.support.hierarchical.NodeTestTask.lambda$executeRecursively$8(NodeTestTask.java:141)
		at org.junit.platform.engine.support.hierarchical.Node.around(Node.java:137)
		at org.junit.platform.engine.support.hierarchical.NodeTestTask.lambda$executeRecursively$9(NodeTestTask.java:139)
		at org.junit.platform.engine.support.hierarchical.ThrowableCollector.execute(ThrowableCollector.java:73)
		at org.junit.platform.engine.support.hierarchical.NodeTestTask.executeRecursively(NodeTestTask.java:138)
		at org.junit.platform.engine.support.hierarchical.NodeTestTask.execute(NodeTestTask.java:95)
		at org.junit.platform.engine.support.hierarchical.SameThreadHierarchicalTestExecutorService.submit(SameThreadHierarchicalTestExecutorService.java:35)
		at org.junit.platform.engine.support.hierarchical.HierarchicalTestExecutor.execute(HierarchicalTestExecutor.java:57)
		at org.junit.platform.engine.support.hierarchical.HierarchicalTestEngine.execute(HierarchicalTestEngine.java:54)
		at org.junit.platform.launcher.core.EngineExecutionOrchestrator.execute(EngineExecutionOrchestrator.java:198)
		at org.junit.platform.launcher.core.EngineExecutionOrchestrator.execute(EngineExecutionOrchestrator.java:169)
		at org.junit.platform.launcher.core.EngineExecutionOrchestrator.execute(EngineExecutionOrchestrator.java:93)
		at org.junit.platform.launcher.core.EngineExecutionOrchestrator.lambda$execute$0(EngineExecutionOrchestrator.java:58)
		at org.junit.platform.launcher.core.EngineExecutionOrchestrator.withInterceptedStreams(EngineExecutionOrchestrator.java:141)
		at org.junit.platform.launcher.core.EngineExecutionOrchestrator.execute(EngineExecutionOrchestrator.java:57)
		at org.junit.platform.launcher.core.DefaultLauncher.execute(DefaultLauncher.java:103)
		at org.junit.platform.launcher.core.DefaultLauncher.execute(DefaultLauncher.java:85)
		at org.junit.platform.launcher.core.DelegatingLauncher.execute(DelegatingLauncher.java:47)
		at org.apache.maven.surefire.junitplatform.LazyLauncher.execute(LazyLauncher.java:56)
		at org.apache.maven.surefire.junitplatform.JUnitPlatformProvider.execute(JUnitPlatformProvider.java:184)
		at org.apache.maven.surefire.junitplatform.JUnitPlatformProvider.invokeAllTests(JUnitPlatformProvider.java:148)
		at org.apache.maven.surefire.junitplatform.JUnitPlatformProvider.invoke(JUnitPlatformProvider.java:122)
		at org.apache.maven.surefire.booter.ForkedBooter.runSuitesInProcess(ForkedBooter.java:385)
		at org.apache.maven.surefire.booter.ForkedBooter.execute(ForkedBooter.java:162)
		at org.apache.maven.surefire.booter.ForkedBooter.run(ForkedBooter.java:507)
		at org.apache.maven.surefire.booter.ForkedBooter.main(ForkedBooter.java:495)
	Suppressed: org.opentest4j.AssertionFailedError: expected: <97.0> but was: <77.0>
		at org.junit.jupiter.api.AssertionFailureBuilder.build(AssertionFailureBuilder.java:151)
		at org.junit.jupiter.api.AssertionFailureBuilder.buildAndThrow(AssertionFailureBuilder.java:132)
		at org.junit.jupiter.api.AssertEquals.failNotEqual(AssertEquals.java:197)
		at org.junit.jupiter.api.AssertEquals.assertEquals(AssertEquals.java:70)
		at org.junit.jupiter.api.AssertEquals.assertEquals(AssertEquals.java:65)
		at org.junit.jupiter.api.Assertions.assertEquals(Assertions.java:889)
		at steps.ReadExcelStepDefinitions.lambda$verifyProductInformation$6(ReadExcelStepDefinitions.java:64)
		at org.junit.jupiter.api.AssertAll.lambda$assertAll$0(AssertAll.java:68)
		at java.base/java.util.stream.ReferencePipeline$3$1.accept(ReferencePipeline.java:197)
		at java.base/java.util.Spliterators$ArraySpliterator.forEachRemaining(Spliterators.java:992)
		at java.base/java.util.stream.AbstractPipeline.copyInto(AbstractPipeline.java:509)
		at java.base/java.util.stream.AbstractPipeline.wrapAndCopyInto(AbstractPipeline.java:499)
		at java.base/java.util.stream.ReduceOps$ReduceOp.evaluateSequential(ReduceOps.java:921)
		at java.base/java.util.stream.AbstractPipeline.evaluate(AbstractPipeline.java:234)
		at java.base/java.util.stream.ReferencePipeline.collect(ReferencePipeline.java:682)
		at org.junit.jupiter.api.AssertAll.assertAll(AssertAll.java:77)
		at org.junit.jupiter.api.AssertAll.assertAll(AssertAll.java:44)
		at org.junit.jupiter.api.AssertAll.assertAll(AssertAll.java:38)
		at org.junit.jupiter.api.Assertions.assertAll(Assertions.java:2944)
		at steps.ReadExcelStepDefinitions.verifyProductInformation(ReadExcelStepDefinitions.java:61)
		at java.base/jdk.internal.reflect.DirectMethodHandleAccessor.invoke(DirectMethodHandleAccessor.java:104)
		at java.base/java.lang.reflect.Method.invoke(Method.java:577)
		at io.cucumber.java.Invoker.doInvoke(Invoker.java:66)
		at io.cucumber.java.Invoker.invoke(Invoker.java:24)
		at io.cucumber.java.AbstractGlueDefinition.invokeMethod(AbstractGlueDefinition.java:47)
		at io.cucumber.java.JavaStepDefinition.execute(JavaStepDefinition.java:29)
		at io.cucumber.core.runner.CoreStepDefinition.execute(CoreStepDefinition.java:66)
		at io.cucumber.core.runner.PickleStepDefinitionMatch.runStep(PickleStepDefinitionMatch.java:63)
		at io.cucumber.core.runner.ExecutionMode$1.execute(ExecutionMode.java:10)
		at io.cucumber.core.runner.TestStep.executeStep(TestStep.java:81)
		at io.cucumber.core.runner.TestStep.run(TestStep.java:53)
		at io.cucumber.core.runner.PickleStepTestStep.run(PickleStepTestStep.java:51)
		at io.cucumber.core.runner.TestCase.run(TestCase.java:84)
		at io.cucumber.core.runner.Runner.runPickle(Runner.java:75)
		at io.cucumber.junit.platform.engine.CucumberEngineExecutionContext.lambda$runTestCase$4(CucumberEngineExecutionContext.java:112)
		at io.cucumber.core.runtime.CucumberExecutionContext.lambda$runTestCase$5(CucumberExecutionContext.java:136)
		at io.cucumber.core.runtime.RethrowingThrowableCollector.executeAndThrow(RethrowingThrowableCollector.java:23)
		at io.cucumber.core.runtime.CucumberExecutionContext.runTestCase(CucumberExecutionContext.java:136)
		at io.cucumber.junit.platform.engine.CucumberEngineExecutionContext.runTestCase(CucumberEngineExecutionContext.java:109)
		at io.cucumber.junit.platform.engine.NodeDescriptor$PickleDescriptor.execute(NodeDescriptor.java:168)
		at io.cucumber.junit.platform.engine.NodeDescriptor$PickleDescriptor.execute(NodeDescriptor.java:90)
		at org.junit.platform.engine.support.hierarchical.NodeTestTask.lambda$executeRecursively$6(NodeTestTask.java:151)
		at org.junit.platform.engine.support.hierarchical.ThrowableCollector.execute(ThrowableCollector.java:73)
		at org.junit.platform.engine.support.hierarchical.NodeTestTask.lambda$executeRecursively$8(NodeTestTask.java:141)
		at org.junit.platform.engine.support.hierarchical.Node.around(Node.java:137)
		at org.junit.platform.engine.support.hierarchical.NodeTestTask.lambda$executeRecursively$9(NodeTestTask.java:139)
		at org.junit.platform.engine.support.hierarchical.ThrowableCollector.execute(ThrowableCollector.java:73)
		at org.junit.platform.engine.support.hierarchical.NodeTestTask.executeRecursively(NodeTestTask.java:138)
		at org.junit.platform.engine.support.hierarchical.NodeTestTask.execute(NodeTestTask.java:95)
		at java.base/java.util.ArrayList.forEach(ArrayList.java:1511)
		at org.junit.platform.engine.support.hierarchical.SameThreadHierarchicalTestExecutorService.invokeAll(SameThreadHierarchicalTestExecutorService.java:41)
		at org.junit.platform.engine.support.hierarchical.NodeTestTask.lambda$executeRecursively$6(NodeTestTask.java:155)
		at org.junit.platform.engine.support.hierarchical.ThrowableCollector.execute(ThrowableCollector.java:73)
		at org.junit.platform.engine.support.hierarchical.NodeTestTask.lambda$executeRecursively$8(NodeTestTask.java:141)
		at org.junit.platform.engine.support.hierarchical.Node.around(Node.java:137)
		at org.junit.platform.engine.support.hierarchical.NodeTestTask.lambda$executeRecursively$9(NodeTestTask.java:139)
		at org.junit.platform.engine.support.hierarchical.ThrowableCollector.execute(ThrowableCollector.java:73)
		at org.junit.platform.engine.support.hierarchical.NodeTestTask.executeRecursively(NodeTestTask.java:138)
		at org.junit.platform.engine.support.hierarchical.NodeTestTask.execute(NodeTestTask.java:95)
		at java.base/java.util.ArrayList.forEach(ArrayList.java:1511)
		at org.junit.platform.engine.support.hierarchical.SameThreadHierarchicalTestExecutorService.invokeAll(SameThreadHierarchicalTestExecutorService.java:41)
		at org.junit.platform.engine.support.hierarchical.NodeTestTask.lambda$executeRecursively$6(NodeTestTask.java:155)
		at org.junit.platform.engine.support.hierarchical.ThrowableCollector.execute(ThrowableCollector.java:73)
		at org.junit.platform.engine.support.hierarchical.NodeTestTask.lambda$executeRecursively$8(NodeTestTask.java:141)
		at org.junit.platform.engine.support.hierarchical.Node.around(Node.java:137)
		at org.junit.platform.engine.support.hierarchical.NodeTestTask.lambda$executeRecursively$9(NodeTestTask.java:139)
		at org.junit.platform.engine.support.hierarchical.ThrowableCollector.execute(ThrowableCollector.java:73)
		at org.junit.platform.engine.support.hierarchical.NodeTestTask.executeRecursively(NodeTestTask.java:138)
		at org.junit.platform.engine.support.hierarchical.NodeTestTask.execute(NodeTestTask.java:95)
		at java.base/java.util.ArrayList.forEach(ArrayList.java:1511)
		at org.junit.platform.engine.support.hierarchical.SameThreadHierarchicalTestExecutorService.invokeAll(SameThreadHierarchicalTestExecutorService.java:41)
		at org.junit.platform.engine.support.hierarchical.NodeTestTask.lambda$executeRecursively$6(NodeTestTask.java:155)
		at org.junit.platform.engine.support.hierarchical.ThrowableCollector.execute(ThrowableCollector.java:73)
		at org.junit.platform.engine.support.hierarchical.NodeTestTask.lambda$executeRecursively$8(NodeTestTask.java:141)
		at org.junit.platform.engine.support.hierarchical.Node.around(Node.java:137)
		at org.junit.platform.engine.support.hierarchical.NodeTestTask.lambda$executeRecursively$9(NodeTestTask.java:139)
		at org.junit.platform.engine.support.hierarchical.ThrowableCollector.execute(ThrowableCollector.java:73)
		at org.junit.platform.engine.support.hierarchical.NodeTestTask.executeRecursively(NodeTestTask.java:138)
		at org.junit.platform.engine.support.hierarchical.NodeTestTask.execute(NodeTestTask.java:95)
		at java.base/java.util.ArrayList.forEach(ArrayList.java:1511)
		at org.junit.platform.engine.support.hierarchical.SameThreadHierarchicalTestExecutorService.invokeAll(SameThreadHierarchicalTestExecutorService.java:41)
		at org.junit.platform.engine.support.hierarchical.NodeTestTask.lambda$executeRecursively$6(NodeTestTask.java:155)
		at org.junit.platform.engine.support.hierarchical.ThrowableCollector.execute(ThrowableCollector.java:73)
		at org.junit.platform.engine.support.hierarchical.NodeTestTask.lambda$executeRecursively$8(NodeTestTask.java:141)
		at org.junit.platform.engine.support.hierarchical.Node.around(Node.java:137)
		at org.junit.platform.engine.support.hierarchical.NodeTestTask.lambda$executeRecursively$9(NodeTestTask.java:139)
		at org.junit.platform.engine.support.hierarchical.ThrowableCollector.execute(ThrowableCollector.java:73)
		at org.junit.platform.engine.support.hierarchical.NodeTestTask.executeRecursively(NodeTestTask.java:138)
		at org.junit.platform.engine.support.hierarchical.NodeTestTask.execute(NodeTestTask.java:95)
		at org.junit.platform.engine.support.hierarchical.SameThreadHierarchicalTestExecutorService.submit(SameThreadHierarchicalTestExecutorService.java:35)
		at org.junit.platform.engine.support.hierarchical.HierarchicalTestExecutor.execute(HierarchicalTestExecutor.java:57)
		at org.junit.platform.engine.support.hierarchical.HierarchicalTestEngine.execute(HierarchicalTestEngine.java:54)
		at org.junit.platform.launcher.core.EngineExecutionOrchestrator.execute(EngineExecutionOrchestrator.java:198)
		at org.junit.platform.launcher.core.EngineExecutionOrchestrator.execute(EngineExecutionOrchestrator.java:169)
		at org.junit.platform.launcher.core.EngineExecutionOrchestrator.execute(EngineExecutionOrchestrator.java:93)
		at org.junit.platform.launcher.core.EngineExecutionOrchestrator.lambda$execute$0(EngineExecutionOrchestrator.java:58)
		at org.junit.platform.launcher.core.EngineExecutionOrchestrator.withInterceptedStreams(EngineExecutionOrchestrator.java:141)
		at org.junit.platform.launcher.core.EngineExecutionOrchestrator.execute(EngineExecutionOrchestrator.java:57)
		at org.junit.platform.launcher.core.DefaultLauncher.execute(DefaultLauncher.java:103)
		at org.junit.platform.launcher.core.DefaultLauncher.execute(DefaultLauncher.java:85)
		at org.junit.platform.launcher.core.DelegatingLauncher.execute(DelegatingLauncher.java:47)
		at org.apache.maven.surefire.junitplatform.LazyLauncher.execute(LazyLauncher.java:56)
		at org.apache.maven.surefire.junitplatform.JUnitPlatformProvider.execute(JUnitPlatformProvider.java:184)
		at org.apache.maven.surefire.junitplatform.JUnitPlatformProvider.invokeAllTests(JUnitPlatformProvider.java:148)
		at org.apache.maven.surefire.junitplatform.JUnitPlatformProvider.invoke(JUnitPlatformProvider.java:122)
		at org.apache.maven.surefire.booter.ForkedBooter.runSuitesInProcess(ForkedBooter.java:385)
		at org.apache.maven.surefire.booter.ForkedBooter.execute(ForkedBooter.java:162)
		at org.apache.maven.surefire.booter.ForkedBooter.run(ForkedBooter.java:507)
		at org.apache.maven.surefire.booter.ForkedBooter.main(ForkedBooter.java:495)
&amp#27;[0m
]]></system-out>
  </testcase>
  <testcase name="Read Excel - Verify several elements of the list - Examples - Example #1.3" classname="Read Excel - Verify several elements of the list - Examples" time="0.175">
    <failure message="Multiple Failures (2 failures)&#10;	org.opentest4j.AssertionFailedError: expected: &lt;43.9&gt; but was: &lt;92.91&gt;&#10;	org.opentest4j.AssertionFailedError: expected: &lt;20.0&gt; but was: &lt;34.0&gt;" type="org.opentest4j.MultipleFailuresError"><![CDATA[org.opentest4j.MultipleFailuresError: 
Multiple Failures (2 failures)
	org.opentest4j.AssertionFailedError: expected: <43.9> but was: <92.91>
	org.opentest4j.AssertionFailedError: expected: <20.0> but was: <34.0>
	at steps.ReadExcelStepDefinitions.verifyProductInformation(ReadExcelStepDefinitions.java:61)
	at ✽.I verify that it has "HUEVO", 92.91, 34(file:///C:/Users/SuperUs/Documents/Java.Projects/project-bdd-template/src/test/resources/features/ReadExcel.feature:26)
	Suppressed: org.opentest4j.AssertionFailedError: expected: <43.9> but was: <92.91>
		at steps.ReadExcelStepDefinitions.lambda$verifyProductInformation$5(ReadExcelStepDefinitions.java:63)
		at java.base/java.util.stream.ReferencePipeline$3$1.accept(ReferencePipeline.java:197)
		at java.base/java.util.Spliterators$ArraySpliterator.forEachRemaining(Spliterators.java:992)
		at java.base/java.util.stream.AbstractPipeline.copyInto(AbstractPipeline.java:509)
		at java.base/java.util.stream.AbstractPipeline.wrapAndCopyInto(AbstractPipeline.java:499)
		at java.base/java.util.stream.ReduceOps$ReduceOp.evaluateSequential(ReduceOps.java:921)
		at java.base/java.util.stream.AbstractPipeline.evaluate(AbstractPipeline.java:234)
		at java.base/java.util.stream.ReferencePipeline.collect(ReferencePipeline.java:682)
		at steps.ReadExcelStepDefinitions.verifyProductInformation(ReadExcelStepDefinitions.java:61)
		at java.base/java.lang.reflect.Method.invoke(Method.java:577)
		at io.cucumber.java.Invoker.doInvoke(Invoker.java:66)
		at io.cucumber.java.Invoker.invoke(Invoker.java:24)
		at io.cucumber.java.AbstractGlueDefinition.invokeMethod(AbstractGlueDefinition.java:47)
		at io.cucumber.java.JavaStepDefinition.execute(JavaStepDefinition.java:29)
		at io.cucumber.core.runner.CoreStepDefinition.execute(CoreStepDefinition.java:66)
		at io.cucumber.core.runner.PickleStepDefinitionMatch.runStep(PickleStepDefinitionMatch.java:63)
		at io.cucumber.core.runner.ExecutionMode$1.execute(ExecutionMode.java:10)
		at io.cucumber.core.runner.TestStep.executeStep(TestStep.java:81)
		at io.cucumber.core.runner.TestStep.run(TestStep.java:53)
		at io.cucumber.core.runner.PickleStepTestStep.run(PickleStepTestStep.java:51)
		at io.cucumber.core.runner.TestCase.run(TestCase.java:84)
		at io.cucumber.core.runner.Runner.runPickle(Runner.java:75)
		at io.cucumber.junit.platform.engine.CucumberEngineExecutionContext.lambda$runTestCase$4(CucumberEngineExecutionContext.java:112)
		at io.cucumber.core.runtime.CucumberExecutionContext.lambda$runTestCase$5(CucumberExecutionContext.java:136)
		at io.cucumber.core.runtime.RethrowingThrowableCollector.executeAndThrow(RethrowingThrowableCollector.java:23)
		at io.cucumber.core.runtime.CucumberExecutionContext.runTestCase(CucumberExecutionContext.java:136)
		at io.cucumber.junit.platform.engine.CucumberEngineExecutionContext.runTestCase(CucumberEngineExecutionContext.java:109)
		at io.cucumber.junit.platform.engine.NodeDescriptor$PickleDescriptor.execute(NodeDescriptor.java:168)
		at io.cucumber.junit.platform.engine.NodeDescriptor$PickleDescriptor.execute(NodeDescriptor.java:90)
		at java.base/java.util.ArrayList.forEach(ArrayList.java:1511)
		at java.base/java.util.ArrayList.forEach(ArrayList.java:1511)
		at java.base/java.util.ArrayList.forEach(ArrayList.java:1511)
		at java.base/java.util.ArrayList.forEach(ArrayList.java:1511)
	Suppressed: org.opentest4j.AssertionFailedError: expected: <20.0> but was: <34.0>
		at steps.ReadExcelStepDefinitions.lambda$verifyProductInformation$6(ReadExcelStepDefinitions.java:64)
		at java.base/java.util.stream.ReferencePipeline$3$1.accept(ReferencePipeline.java:197)
		at java.base/java.util.Spliterators$ArraySpliterator.forEachRemaining(Spliterators.java:992)
		at java.base/java.util.stream.AbstractPipeline.copyInto(AbstractPipeline.java:509)
		at java.base/java.util.stream.AbstractPipeline.wrapAndCopyInto(AbstractPipeline.java:499)
		at java.base/java.util.stream.ReduceOps$ReduceOp.evaluateSequential(ReduceOps.java:921)
		at java.base/java.util.stream.AbstractPipeline.evaluate(AbstractPipeline.java:234)
		at java.base/java.util.stream.ReferencePipeline.collect(ReferencePipeline.java:682)
		at steps.ReadExcelStepDefinitions.verifyProductInformation(ReadExcelStepDefinitions.java:61)
		at java.base/java.lang.reflect.Method.invoke(Method.java:577)
		at io.cucumber.java.Invoker.doInvoke(Invoker.java:66)
		at io.cucumber.java.Invoker.invoke(Invoker.java:24)
		at io.cucumber.java.AbstractGlueDefinition.invokeMethod(AbstractGlueDefinition.java:47)
		at io.cucumber.java.JavaStepDefinition.execute(JavaStepDefinition.java:29)
		at io.cucumber.core.runner.CoreStepDefinition.execute(CoreStepDefinition.java:66)
		at io.cucumber.core.runner.PickleStepDefinitionMatch.runStep(PickleStepDefinitionMatch.java:63)
		at io.cucumber.core.runner.ExecutionMode$1.execute(ExecutionMode.java:10)
		at io.cucumber.core.runner.TestStep.executeStep(TestStep.java:81)
		at io.cucumber.core.runner.TestStep.run(TestStep.java:53)
		at io.cucumber.core.runner.PickleStepTestStep.run(PickleStepTestStep.java:51)
		at io.cucumber.core.runner.TestCase.run(TestCase.java:84)
		at io.cucumber.core.runner.Runner.runPickle(Runner.java:75)
		at io.cucumber.junit.platform.engine.CucumberEngineExecutionContext.lambda$runTestCase$4(CucumberEngineExecutionContext.java:112)
		at io.cucumber.core.runtime.CucumberExecutionContext.lambda$runTestCase$5(CucumberExecutionContext.java:136)
		at io.cucumber.core.runtime.RethrowingThrowableCollector.executeAndThrow(RethrowingThrowableCollector.java:23)
		at io.cucumber.core.runtime.CucumberExecutionContext.runTestCase(CucumberExecutionContext.java:136)
		at io.cucumber.junit.platform.engine.CucumberEngineExecutionContext.runTestCase(CucumberEngineExecutionContext.java:109)
		at io.cucumber.junit.platform.engine.NodeDescriptor$PickleDescriptor.execute(NodeDescriptor.java:168)
		at io.cucumber.junit.platform.engine.NodeDescriptor$PickleDescriptor.execute(NodeDescriptor.java:90)
		at java.base/java.util.ArrayList.forEach(ArrayList.java:1511)
		at java.base/java.util.ArrayList.forEach(ArrayList.java:1511)
		at java.base/java.util.ArrayList.forEach(ArrayList.java:1511)
		at java.base/java.util.ArrayList.forEach(ArrayList.java:1511)
]]></failure>
    <system-out><![CDATA[
@Regression
Scenario Outline: Verify several elements of the list &amp#27;[90m# src/test/resources/features/ReadExcel.feature:32&amp#27;[0m
  &amp#27;[32mGiven &amp#27;[0m&amp#27;[32mI read the Excel products list&amp#27;[0m                &amp#27;[90m# steps.ReadExcelStepDefinitions.readExcelProductsList()&amp#27;[0m
  &amp#27;[32mWhen &amp#27;[0m&amp#27;[32mI get the element with index &amp#27;[0m&amp#27;[32m&amp#27;[1m2&amp#27;[0m                 &amp#27;[90m# steps.ReadExcelStepDefinitions.getThirdElement(int)&amp#27;[0m
  &amp#27;[31mThen &amp#27;[0m&amp#27;[31mI verify that it has &amp#27;[0m&amp#27;[31m&amp#27;[1m"HUEVO"&amp#27;[0m&amp#27;[31m, &amp#27;[0m&amp#27;[31m&amp#27;[1m92.91&amp#27;[0m&amp#27;[31m, &amp#27;[0m&amp#27;[31m&amp#27;[1m34&amp#27;[0m        &amp#27;[90m# steps.ReadExcelStepDefinitions.verifyProductInformation(java.lang.String,double,int)&amp#27;[0m
      &amp#27;[31morg.opentest4j.MultipleFailuresError: Multiple Failures (2 failures)
	org.opentest4j.AssertionFailedError: expected: <43.9> but was: <92.91>
	org.opentest4j.AssertionFailedError: expected: <20.0> but was: <34.0>
	at org.junit.jupiter.api.AssertAll.assertAll(AssertAll.java:80)
	at org.junit.jupiter.api.AssertAll.assertAll(AssertAll.java:44)
	at org.junit.jupiter.api.AssertAll.assertAll(AssertAll.java:38)
	at org.junit.jupiter.api.Assertions.assertAll(Assertions.java:2944)
	at steps.ReadExcelStepDefinitions.verifyProductInformation(ReadExcelStepDefinitions.java:61)
	at ✽.I verify that it has "HUEVO", 92.91, 34(file:///C:/Users/SuperUs/Documents/Java.Projects/project-bdd-template/src/test/resources/features/ReadExcel.feature:26)
	Suppressed: org.opentest4j.AssertionFailedError: expected: <43.9> but was: <92.91>
		at org.junit.jupiter.api.AssertionFailureBuilder.build(AssertionFailureBuilder.java:151)
		at org.junit.jupiter.api.AssertionFailureBuilder.buildAndThrow(AssertionFailureBuilder.java:132)
		at org.junit.jupiter.api.AssertEquals.failNotEqual(AssertEquals.java:197)
		at org.junit.jupiter.api.AssertEquals.assertEquals(AssertEquals.java:70)
		at org.junit.jupiter.api.AssertEquals.assertEquals(AssertEquals.java:65)
		at org.junit.jupiter.api.Assertions.assertEquals(Assertions.java:889)
		at steps.ReadExcelStepDefinitions.lambda$verifyProductInformation$5(ReadExcelStepDefinitions.java:63)
		at org.junit.jupiter.api.AssertAll.lambda$assertAll$0(AssertAll.java:68)
		at java.base/java.util.stream.ReferencePipeline$3$1.accept(ReferencePipeline.java:197)
		at java.base/java.util.Spliterators$ArraySpliterator.forEachRemaining(Spliterators.java:992)
		at java.base/java.util.stream.AbstractPipeline.copyInto(AbstractPipeline.java:509)
		at java.base/java.util.stream.AbstractPipeline.wrapAndCopyInto(AbstractPipeline.java:499)
		at java.base/java.util.stream.ReduceOps$ReduceOp.evaluateSequential(ReduceOps.java:921)
		at java.base/java.util.stream.AbstractPipeline.evaluate(AbstractPipeline.java:234)
		at java.base/java.util.stream.ReferencePipeline.collect(ReferencePipeline.java:682)
		at org.junit.jupiter.api.AssertAll.assertAll(AssertAll.java:77)
		at org.junit.jupiter.api.AssertAll.assertAll(AssertAll.java:44)
		at org.junit.jupiter.api.AssertAll.assertAll(AssertAll.java:38)
		at org.junit.jupiter.api.Assertions.assertAll(Assertions.java:2944)
		at steps.ReadExcelStepDefinitions.verifyProductInformation(ReadExcelStepDefinitions.java:61)
		at java.base/jdk.internal.reflect.DirectMethodHandleAccessor.invoke(DirectMethodHandleAccessor.java:104)
		at java.base/java.lang.reflect.Method.invoke(Method.java:577)
		at io.cucumber.java.Invoker.doInvoke(Invoker.java:66)
		at io.cucumber.java.Invoker.invoke(Invoker.java:24)
		at io.cucumber.java.AbstractGlueDefinition.invokeMethod(AbstractGlueDefinition.java:47)
		at io.cucumber.java.JavaStepDefinition.execute(JavaStepDefinition.java:29)
		at io.cucumber.core.runner.CoreStepDefinition.execute(CoreStepDefinition.java:66)
		at io.cucumber.core.runner.PickleStepDefinitionMatch.runStep(PickleStepDefinitionMatch.java:63)
		at io.cucumber.core.runner.ExecutionMode$1.execute(ExecutionMode.java:10)
		at io.cucumber.core.runner.TestStep.executeStep(TestStep.java:81)
		at io.cucumber.core.runner.TestStep.run(TestStep.java:53)
		at io.cucumber.core.runner.PickleStepTestStep.run(PickleStepTestStep.java:51)
		at io.cucumber.core.runner.TestCase.run(TestCase.java:84)
		at io.cucumber.core.runner.Runner.runPickle(Runner.java:75)
		at io.cucumber.junit.platform.engine.CucumberEngineExecutionContext.lambda$runTestCase$4(CucumberEngineExecutionContext.java:112)
		at io.cucumber.core.runtime.CucumberExecutionContext.lambda$runTestCase$5(CucumberExecutionContext.java:136)
		at io.cucumber.core.runtime.RethrowingThrowableCollector.executeAndThrow(RethrowingThrowableCollector.java:23)
		at io.cucumber.core.runtime.CucumberExecutionContext.runTestCase(CucumberExecutionContext.java:136)
		at io.cucumber.junit.platform.engine.CucumberEngineExecutionContext.runTestCase(CucumberEngineExecutionContext.java:109)
		at io.cucumber.junit.platform.engine.NodeDescriptor$PickleDescriptor.execute(NodeDescriptor.java:168)
		at io.cucumber.junit.platform.engine.NodeDescriptor$PickleDescriptor.execute(NodeDescriptor.java:90)
		at org.junit.platform.engine.support.hierarchical.NodeTestTask.lambda$executeRecursively$6(NodeTestTask.java:151)
		at org.junit.platform.engine.support.hierarchical.ThrowableCollector.execute(ThrowableCollector.java:73)
		at org.junit.platform.engine.support.hierarchical.NodeTestTask.lambda$executeRecursively$8(NodeTestTask.java:141)
		at org.junit.platform.engine.support.hierarchical.Node.around(Node.java:137)
		at org.junit.platform.engine.support.hierarchical.NodeTestTask.lambda$executeRecursively$9(NodeTestTask.java:139)
		at org.junit.platform.engine.support.hierarchical.ThrowableCollector.execute(ThrowableCollector.java:73)
		at org.junit.platform.engine.support.hierarchical.NodeTestTask.executeRecursively(NodeTestTask.java:138)
		at org.junit.platform.engine.support.hierarchical.NodeTestTask.execute(NodeTestTask.java:95)
		at java.base/java.util.ArrayList.forEach(ArrayList.java:1511)
		at org.junit.platform.engine.support.hierarchical.SameThreadHierarchicalTestExecutorService.invokeAll(SameThreadHierarchicalTestExecutorService.java:41)
		at org.junit.platform.engine.support.hierarchical.NodeTestTask.lambda$executeRecursively$6(NodeTestTask.java:155)
		at org.junit.platform.engine.support.hierarchical.ThrowableCollector.execute(ThrowableCollector.java:73)
		at org.junit.platform.engine.support.hierarchical.NodeTestTask.lambda$executeRecursively$8(NodeTestTask.java:141)
		at org.junit.platform.engine.support.hierarchical.Node.around(Node.java:137)
		at org.junit.platform.engine.support.hierarchical.NodeTestTask.lambda$executeRecursively$9(NodeTestTask.java:139)
		at org.junit.platform.engine.support.hierarchical.ThrowableCollector.execute(ThrowableCollector.java:73)
		at org.junit.platform.engine.support.hierarchical.NodeTestTask.executeRecursively(NodeTestTask.java:138)
		at org.junit.platform.engine.support.hierarchical.NodeTestTask.execute(NodeTestTask.java:95)
[...]
		at org.junit.platform.engine.support.hierarchical.NodeTestTask.lambda$executeRecursively$6(NodeTestTask.java:151)
		at org.junit.platform.engine.support.hierarchical.ThrowableCollector.execute(ThrowableCollector.java:73)
		at org.junit.platform.engine.support.hierarchical.NodeTestTask.lambda$executeRecursively$8(NodeTestTask.java:141)
		at org.junit.platform.engine.support.hierarchical.Node.around(Node.java:137)
		at org.junit.platform.engine.support.hierarchical.NodeTestTask.lambda$executeRecursively$9(NodeTestTask.java:139)
		at org.junit.platform.engine.support.hierarchical.ThrowableCollector.execute(ThrowableCollector.java:73)
		at org.junit.platform.engine.support.hierarchical.NodeTestTask.executeRecursively(NodeTestTask.java:138)
		at org.junit.platform.engine.support.hierarchical.NodeTestTask.execute(NodeTestTask.java:95)
		at java.base/java.util.ArrayList.forEach(ArrayList.java:1511)
		at org.junit.platform.engine.support.hierarchical.SameThreadHierarchicalTestExecutorService.invokeAll(SameThreadHierarchicalTestExecutorService.java:41)
		at org.junit.platform.engine.support.hierarchical.NodeTestTask.lambda$executeRecursively$6(NodeTestTask.java:155)
		at org.junit.platform.engine.support.hierarchical.ThrowableCollector.execute(ThrowableCollector.java:73)
		at org.junit.platform.engine.support.hierarchical.NodeTestTask.lambda$executeRecursively$8(NodeTestTask.java:141)
		at org.junit.platform.engine.support.hierarchical.Node.around(Node.java:137)
		at org.junit.platform.engine.support.hierarchical.NodeTestTask.lambda$executeRecursively$9(NodeTestTask.java:139)
		at org.junit.platform.engine.support.hierarchical.ThrowableCollector.execute(ThrowableCollector.java:73)
		at org.junit.platform.engine.support.hierarchical.NodeTestTask.executeRecursively(NodeTestTask.java:138)
		at org.junit.platform.engine.support.hierarchical.NodeTestTask.execute(NodeTestTask.java:95)
		at java.base/java.util.ArrayList.forEach(ArrayList.java:1511)
		at org.junit.platform.engine.support.hierarchical.SameThreadHierarchicalTestExecutorService.invokeAll(SameThreadHierarchicalTestExecutorService.java:41)
		at org.junit.platform.engine.support.hierarchical.NodeTestTask.lambda$executeRecursively$6(NodeTestTask.java:155)
		at org.junit.platform.engine.support.hierarchical.ThrowableCollector.execute(ThrowableCollector.java:73)
		at org.junit.platform.engine.support.hierarchical.NodeTestTask.lambda$executeRecursively$8(NodeTestTask.java:141)
		at org.junit.platform.engine.support.hierarchical.Node.around(Node.java:137)
		at org.junit.platform.engine.support.hierarchical.NodeTestTask.lambda$executeRecursively$9(NodeTestTask.java:139)
		at org.junit.platform.engine.support.hierarchical.ThrowableCollector.execute(ThrowableCollector.java:73)
		at org.junit.platform.engine.support.hierarchical.NodeTestTask.executeRecursively(NodeTestTask.java:138)
		at org.junit.platform.engine.support.hierarchical.NodeTestTask.execute(NodeTestTask.java:95)
		at java.base/java.util.ArrayList.forEach(ArrayList.java:1511)
		at org.junit.platform.engine.support.hierarchical.SameThreadHierarchicalTestExecutorService.invokeAll(SameThreadHierarchicalTestExecutorService.java:41)
		at org.junit.platform.engine.support.hierarchical.NodeTestTask.lambda$executeRecursively$6(NodeTestTask.java:155)
		at org.junit.platform.engine.support.hierarchical.ThrowableCollector.execute(ThrowableCollector.java:73)
		at org.junit.platform.engine.support.hierarchical.NodeTestTask.lambda$executeRecursively$8(NodeTestTask.java:141)
		at org.junit.platform.engine.support.hierarchical.Node.around(Node.java:137)
		at org.junit.platform.engine.support.hierarchical.NodeTestTask.lambda$executeRecursively$9(NodeTestTask.java:139)
		at org.junit.platform.engine.support.hierarchical.ThrowableCollector.execute(ThrowableCollector.java:73)
		at org.junit.platform.engine.support.hierarchical.NodeTestTask.executeRecursively(NodeTestTask.java:138)
		at org.junit.platform.engine.support.hierarchical.NodeTestTask.execute(NodeTestTask.java:95)
		at java.base/java.util.ArrayList.forEach(ArrayList.java:1511)
		at org.junit.platform.engine.support.hierarchical.SameThreadHierarchicalTestExecutorService.invokeAll(SameThreadHierarchicalTestExecutorService.java:41)
		at org.junit.platform.engine.support.hierarchical.NodeTestTask.lambda$executeRecursively$6(NodeTestTask.java:155)
		at org.junit.platform.engine.support.hierarchical.ThrowableCollector.execute(ThrowableCollector.java:73)
		at org.junit.platform.engine.support.hierarchical.NodeTestTask.lambda$executeRecursively$8(NodeTestTask.java:141)
		at org.junit.platform.engine.support.hierarchical.Node.around(Node.java:137)
		at org.junit.platform.engine.support.hierarchical.NodeTestTask.lambda$executeRecursively$9(NodeTestTask.java:139)
		at org.junit.platform.engine.support.hierarchical.ThrowableCollector.execute(ThrowableCollector.java:73)
		at org.junit.platform.engine.support.hierarchical.NodeTestTask.executeRecursively(NodeTestTask.java:138)
		at org.junit.platform.engine.support.hierarchical.NodeTestTask.execute(NodeTestTask.java:95)
		at org.junit.platform.engine.support.hierarchical.SameThreadHierarchicalTestExecutorService.submit(SameThreadHierarchicalTestExecutorService.java:35)
		at org.junit.platform.engine.support.hierarchical.HierarchicalTestExecutor.execute(HierarchicalTestExecutor.java:57)
		at org.junit.platform.engine.support.hierarchical.HierarchicalTestEngine.execute(HierarchicalTestEngine.java:54)
		at org.junit.platform.launcher.core.EngineExecutionOrchestrator.execute(EngineExecutionOrchestrator.java:198)
		at org.junit.platform.launcher.core.EngineExecutionOrchestrator.execute(EngineExecutionOrchestrator.java:169)
		at org.junit.platform.launcher.core.EngineExecutionOrchestrator.execute(EngineExecutionOrchestrator.java:93)
		at org.junit.platform.launcher.core.EngineExecutionOrchestrator.lambda$execute$0(EngineExecutionOrchestrator.java:58)
		at org.junit.platform.launcher.core.EngineExecutionOrchestrator.withInterceptedStreams(EngineExecutionOrchestrator.java:141)
		at org.junit.platform.launcher.core.EngineExecutionOrchestrator.execute(EngineExecutionOrchestrator.java:57)
		at org.junit.platform.launcher.core.DefaultLauncher.execute(DefaultLauncher.java:103)
		at org.junit.platform.launcher.core.DefaultLauncher.execute(DefaultLauncher.java:85)
		at org.junit.platform.launcher.core.DelegatingLauncher.execute(DelegatingLauncher.java:47)
		at org.apache.maven.surefire.junitplatform.LazyLauncher.execute(LazyLauncher.java:56)
		at org.apache.maven.surefire.junitplatform.JUnitPlatformProvider.execute(JUnitPlatformProvider.java:184)
		at org.apache.maven.surefire.junitplatform.JUnitPlatformProvider.invokeAllTests(JUnitPlatformProvider.java:148)
		at org.apache.maven.surefire.junitplatform.JUnitPlatformProvider.invoke(JUnitPlatformProvider.java:122)
		at org.apache.maven.surefire.booter.ForkedBooter.runSuitesInProcess(ForkedBooter.java:385)
		at org.apache.maven.surefire.booter.ForkedBooter.execute(ForkedBooter.java:162)
		at org.apache.maven.surefire.booter.ForkedBooter.run(ForkedBooter.java:507)
		at org.apache.maven.surefire.booter.ForkedBooter.main(ForkedBooter.java:495)
	Suppressed: org.opentest4j.AssertionFailedError: expected: <96.0> but was: <25.0>
		at org.junit.jupiter.api.AssertionFailureBuilder.build(AssertionFailureBuilder.java:151)
		at org.junit.jupiter.api.AssertionFailureBuilder.buildAndThrow(AssertionFailureBuilder.java:132)
		at org.junit.jupiter.api.AssertEquals.failNotEqual(AssertEquals.java:197)
		at org.junit.jupiter.api.AssertEquals.assertEquals(AssertEquals.java:70)
		at org.junit.jupiter.api.AssertEquals.assertEquals(AssertEquals.java:65)
		at org.junit.jupiter.api.Assertions.assertEquals(Assertions.java:889)
		at steps.ReadExcelStepDefinitions.lambda$verifyProductInformation$6(ReadExcelStepDefinitions.java:64)
		at org.junit.jupiter.api.AssertAll.lambda$assertAll$0(AssertAll.java:68)
		at java.base/java.util.stream.ReferencePipeline$3$1.accept(ReferencePipeline.java:197)
		at java.base/java.util.Spliterators$ArraySpliterator.forEachRemaining(Spliterators.java:992)
		at java.base/java.util.stream.AbstractPipeline.copyInto(AbstractPipeline.java:509)
		at java.base/java.util.stream.AbstractPipeline.wrapAndCopyInto(AbstractPipeline.java:499)
		at java.base/java.util.stream.ReduceOps$ReduceOp.evaluateSequential(ReduceOps.java:921)
		at java.base/java.util.stream.AbstractPipeline.evaluate(AbstractPipeline.java:234)
		at java.base/java.util.stream.ReferencePipeline.collect(ReferencePipeline.java:682)
		at org.junit.jupiter.api.AssertAll.assertAll(AssertAll.java:77)
		at org.junit.jupiter.api.AssertAll.assertAll(AssertAll.java:44)
		at org.junit.jupiter.api.AssertAll.assertAll(AssertAll.java:38)
		at org.junit.jupiter.api.Assertions.assertAll(Assertions.java:2944)
		at steps.ReadExcelStepDefinitions.verifyProductInformation(ReadExcelStepDefinitions.java:61)
		at java.base/jdk.internal.reflect.DirectMethodHandleAccessor.invoke(DirectMethodHandleAccessor.java:104)
		at java.base/java.lang.reflect.Method.invoke(Method.java:577)
		at io.cucumber.java.Invoker.doInvoke(Invoker.java:66)
		at io.cucumber.java.Invoker.invoke(Invoker.java:24)
		at io.cucumber.java.AbstractGlueDefinition.invokeMethod(AbstractGlueDefinition.java:47)
		at io.cucumber.java.JavaStepDefinition.execute(JavaStepDefinition.java:29)
		at io.cucumber.core.runner.CoreStepDefinition.execute(CoreStepDefinition.java:66)
		at io.cucumber.core.runner.PickleStepDefinitionMatch.runStep(PickleStepDefinitionMatch.java:63)
		at io.cucumber.core.runner.ExecutionMode$1.execute(ExecutionMode.java:10)
		at io.cucumber.core.runner.TestStep.executeStep(TestStep.java:81)
		at io.cucumber.core.runner.TestStep.run(TestStep.java:53)
		at io.cucumber.core.runner.PickleStepTestStep.run(PickleStepTestStep.java:51)
		at io.cucumber.core.runner.TestCase.run(TestCase.java:84)
		at io.cucumber.core.runner.Runner.runPickle(Runner.java:75)
		at io.cucumber.junit.platform.engine.CucumberEngineExecutionContext.lambda$runTestCase$4(CucumberEngineExecutionContext.java:112)
		at io.cucumber.core.runtime.CucumberExecutionContext.lambda$runTestCase$5(CucumberExecutionContext.java:136)
		at io.cucumber.core.runtime.RethrowingThrowableCollector.executeAndThrow(RethrowingThrowableCollector.java:23)
		at io.cucumber.core.runtime.CucumberExecutionContext.runTestCase(CucumberExecutionContext.java:136)
		at io.cucumber.junit.platform.engine.CucumberEngineExecutionContext.runTestCase(CucumberEngineExecutionContext.java:109)
		at io.cucumber.junit.platform.engine.NodeDescriptor$PickleDescriptor.execute(NodeDescriptor.java:168)
		at io.cucumber.junit.platform.engine.NodeDescriptor$PickleDescriptor.execute(NodeDescriptor.java:90)
		at org.junit.platform.engine.support.hierarchical.NodeTestTask.lambda$executeRecursively$6(NodeTestTask.java:151)
		at org.junit.platform.engine.support.hierarchical.ThrowableCollector.execute(ThrowableCollector.java:73)
		at org.junit.platform.engine.support.hierarchical.NodeTestTask.lambda$executeRecursively$8(NodeTestTask.java:141)
		at org.junit.platform.engine.support.hierarchical.Node.around(Node.java:137)
		at org.junit.platform.engine.support.hierarchical.NodeTestTask.lambda$executeRecursively$9(NodeTestTask.java:139)
		at org.junit.platform.engine.support.hierarchical.ThrowableCollector.execute(ThrowableCollector.java:73)
		at org.junit.platform.engine.support.hierarchical.NodeTestTask.executeRecursively(NodeTestTask.java:138)
		at org.junit.platform.engine.support.hierarchical.NodeTestTask.execute(NodeTestTask.java:95)
		at java.base/java.util.ArrayList.forEach(ArrayList.java:1511)
		at org.junit.platform.engine.support.hierarchical.SameThreadHierarchicalTestExecutorService.invokeAll(SameThreadHierarchicalTestExecutorService.java:41)
		at org.junit.platform.engine.support.hierarchical.NodeTestTask.lambda$executeRecursively$6(NodeTestTask.java:155)
		at org.junit.platform.engine.support.hierarchical.ThrowableCollector.execute(ThrowableCollector.java:73)
		at org.junit.platform.engine.support.hierarchical.NodeTestTask.lambda$executeRecursively$8(NodeTestTask.java:141)
		at org.junit.platform.engine.support.hierarchical.Node.around(Node.java:137)
		at org.junit.platform.engine.support.hierarchical.NodeTestTask.lambda$executeRecursively$9(NodeTestTask.java:139)
		at org.junit.platform.engine.support.hierarchical.ThrowableCollector.execute(ThrowableCollector.java:73)
		at org.junit.platform.engine.support.hierarchical.NodeTestTask.executeRecursively(NodeTestTask.java:138)
		at org.junit.platform.engine.support.hierarchical.NodeTestTask.execute(NodeTestTask.java:95)
		at java.base/java.util.ArrayList.forEach(ArrayList.java:1511)
		at org.junit.platform.engine.support.hierarchical.SameThreadHierarchicalTestExecutorService.invokeAll(SameThreadHierarchicalTestExecutorService.java:41)
		at org.junit.platform.engine.support.hierarchical.NodeTestTask.lambda$executeRecursively$6(NodeTestTask.java:155)
		at org.junit.platform.engine.support.hierarchical.ThrowableCollector.execute(ThrowableCollector.java:73)
		at org.junit.platform.engine.support.hierarchical.NodeTestTask.lambda$executeRecursively$8(NodeTestTask.java:141)
		at org.junit.platform.engine.support.hierarchical.Node.around(Node.java:137)
		at org.junit.platform.engine.support.hierarchical.NodeTestTask.lambda$executeRecursively$9(NodeTestTask.java:139)
		at org.junit.platform.engine.support.hierarchical.ThrowableCollector.execute(ThrowableCollector.java:73)
		at org.junit.platform.engine.support.hierarchical.NodeTestTask.executeRecursively(NodeTestTask.java:138)
		at org.junit.platform.engine.support.hierarchical.NodeTestTask.execute(NodeTestTask.java:95)
		at java.base/java.util.ArrayList.forEach(ArrayList.java:1511)
		at org.junit.platform.engine.support.hierarchical.SameThreadHierarchicalTestExecutorService.invokeAll(SameThreadHierarchicalTestExecutorService.java:41)
		at org.junit.platform.engine.support.hierarchical.NodeTestTask.lambda$executeRecursively$6(NodeTestTask.java:155)
		at org.junit.platform.engine.support.hierarchical.ThrowableCollector.execute(ThrowableCollector.java:73)
		at org.junit.platform.engine.support.hierarchical.NodeTestTask.lambda$executeRecursively$8(NodeTestTask.java:141)
		at org.junit.platform.engine.support.hierarchical.Node.around(Node.java:137)
		at org.junit.platform.engine.support.hierarchical.NodeTestTask.lambda$executeRecursively$9(NodeTestTask.java:139)
		at org.junit.platform.engine.support.hierarchical.ThrowableCollector.execute(ThrowableCollector.java:73)
		at org.junit.platform.engine.support.hierarchical.NodeTestTask.executeRecursively(NodeTestTask.java:138)
		at org.junit.platform.engine.support.hierarchical.NodeTestTask.execute(NodeTestTask.java:95)
		at java.base/java.util.ArrayList.forEach(ArrayList.java:1511)
		at org.junit.platform.engine.support.hierarchical.SameThreadHierarchicalTestExecutorService.invokeAll(SameThreadHierarchicalTestExecutorService.java:41)
		at org.junit.platform.engine.support.hierarchical.NodeTestTask.lambda$executeRecursively$6(NodeTestTask.java:155)
		at org.junit.platform.engine.support.hierarchical.ThrowableCollector.execute(ThrowableCollector.java:73)
		at org.junit.platform.engine.support.hierarchical.NodeTestTask.lambda$executeRecursively$8(NodeTestTask.java:141)
		at org.junit.platform.engine.support.hierarchical.Node.around(Node.java:137)
		at org.junit.platform.engine.support.hierarchical.NodeTestTask.lambda$executeRecursively$9(NodeTestTask.java:139)
		at org.junit.platform.engine.support.hierarchical.ThrowableCollector.execute(ThrowableCollector.java:73)
		at org.junit.platform.engine.support.hierarchical.NodeTestTask.executeRecursively(NodeTestTask.java:138)
		at org.junit.platform.engine.support.hierarchical.NodeTestTask.execute(NodeTestTask.java:95)
		at org.junit.platform.engine.support.hierarchical.SameThreadHierarchicalTestExecutorService.submit(SameThreadHierarchicalTestExecutorService.java:35)
		at org.junit.platform.engine.support.hierarchical.HierarchicalTestExecutor.execute(HierarchicalTestExecutor.java:57)
		at org.junit.platform.engine.support.hierarchical.HierarchicalTestEngine.execute(HierarchicalTestEngine.java:54)
		at org.junit.platform.launcher.core.EngineExecutionOrchestrator.execute(EngineExecutionOrchestrator.java:198)
		at org.junit.platform.launcher.core.EngineExecutionOrchestrator.execute(EngineExecutionOrchestrator.java:169)
		at org.junit.platform.launcher.core.EngineExecutionOrchestrator.execute(EngineExecutionOrchestrator.java:93)
		at org.junit.platform.launcher.core.EngineExecutionOrchestrator.lambda$execute$0(EngineExecutionOrchestrator.java:58)
		at org.junit.platform.launcher.core.EngineExecutionOrchestrator.withInterceptedStreams(EngineExecutionOrchestrator.java:141)
		at org.junit.platform.launcher.core.EngineExecutionOrchestrator.execute(EngineExecutionOrchestrator.java:57)
		at org.junit.platform.launcher.core.DefaultLauncher.execute(DefaultLauncher.java:103)
		at org.junit.platform.launcher.core.DefaultLauncher.execute(DefaultLauncher.java:85)
		at org.junit.platform.launcher.core.DelegatingLauncher.execute(DelegatingLauncher.java:47)
		at org.apache.maven.surefire.junitplatform.LazyLauncher.execute(LazyLauncher.java:56)
		at org.apache.maven.surefire.junitplatform.JUnitPlatformProvider.execute(JUnitPlatformProvider.java:184)
		at org.apache.maven.surefire.junitplatform.JUnitPlatformProvider.invokeAllTests(JUnitPlatformProvider.java:148)
		at org.apache.maven.surefire.junitplatform.JUnitPlatformProvider.invoke(JUnitPlatformProvider.java:122)
		at org.apache.maven.surefire.booter.ForkedBooter.runSuitesInProcess(ForkedBooter.java:385)
		at org.apache.maven.surefire.booter.ForkedBooter.execute(ForkedBooter.java:162)
		at org.apache.maven.surefire.booter.ForkedBooter.run(ForkedBooter.java:507)
		at org.apache.maven.surefire.booter.ForkedBooter.main(ForkedBooter.java:495)
&amp#27;[0m
]]></system-out>
  </testcase>
  <testcase name="Read Json - ID is positive" classname="Read Json" time="0.509">
    <system-out><![CDATA[
@Regression @Smoke
Scenario: ID is positive                &amp#27;[90m# src/test/resources/features/ReadJson.feature:8&amp#27;[0m
  &amp#27;[32mGiven &amp#27;[0m&amp#27;[32mI read the JSON of user&amp#27;[0m         &amp#27;[90m# steps.ReadJsonStepDefinitions.readUserJson()&amp#27;[0m
  &amp#27;[32mThen &amp#27;[0m&amp#27;[32mI verify that the ID is positive&amp#27;[0m &amp#27;[90m# steps.ReadJsonStepDefinitions.verifyThatTheIdIsPositive()&amp#27;[0m
]]></system-out>
  </testcase>
  <testcase name="Read Json - Verify the longitude" classname="Read Json" time="0.032">
    <system-out><![CDATA[
@Regression
Scenario: Verify the longitude                &amp#27;[90m# src/test/resources/features/ReadJson.feature:12&amp#27;[0m
  &amp#27;[32mGiven &amp#27;[0m&amp#27;[32mI read the JSON of user&amp#27;[0m               &amp#27;[90m# steps.ReadJsonStepDefinitions.readUserJson()&amp#27;[0m
  &amp#27;[32mThen &amp#27;[0m&amp#27;[32mI verify that the longitude is &amp#27;[0m&amp#27;[32m&amp#27;[1m71.7478&amp#27;[0m &amp#27;[90m# steps.ReadJsonStepDefinitions.verifyThatTheLongitudeIs(double)&amp#27;[0m
]]></system-out>
  </testcase>
  <testcase name="Read Json - Verify the company bs length" classname="Read Json" time="0.054">
    <system-out><![CDATA[
@Regression
Scenario: Verify the company bs length                        &amp#27;[90m# src/test/resources/features/ReadJson.feature:16&amp#27;[0m
  &amp#27;[32mGiven &amp#27;[0m&amp#27;[32mI read the JSON of user&amp#27;[0m                               &amp#27;[90m# steps.ReadJsonStepDefinitions.readUserJson()&amp#27;[0m
  &amp#27;[32mThen &amp#27;[0m&amp#27;[32mI verify that the company bs length is greater than &amp#27;[0m&amp#27;[32m&amp#27;[1m10&amp#27;[0m &amp#27;[90m# steps.ReadJsonStepDefinitions.verifyThatTheCompanyBsLengthIsGreaterThan(int)&amp#27;[0m
]]></system-out>
  </testcase>
</testsuite>